This is pdfTeX, Version 3.14159265-2.6-1.40.18 (TeX Live 2017/Debian) (preloaded format=pdflatex 2020.6.9)  13 JUN 2020 00:07
entering extended mode
 restricted \write18 enabled.
 %&-line parsing enabled.
**refman.tex
(./refman.tex
LaTeX2e <2017-04-15>
Babel <3.18> and hyphenation patterns for 84 language(s) loaded.
(/usr/share/texlive/texmf-dist/tex/latex/base/book.cls
Document Class: book 2014/09/29 v1.4h Standard LaTeX document class
(/usr/share/texlive/texmf-dist/tex/latex/base/bk10.clo
File: bk10.clo 2014/09/29 v1.4h Standard LaTeX file (size option)
)
\c@part=\count79
\c@chapter=\count80
\c@section=\count81
\c@subsection=\count82
\c@subsubsection=\count83
\c@paragraph=\count84
\c@subparagraph=\count85
\c@figure=\count86
\c@table=\count87
\abovecaptionskip=\skip41
\belowcaptionskip=\skip42
\bibindent=\dimen102
)
(/usr/share/texlive/texmf-dist/tex/latex/base/fixltx2e.sty
Package: fixltx2e 2016/12/29 v2.1a fixes to LaTeX (obsolete)
Applying: [2015/01/01] Old fixltx2e package on input line 46.


Package fixltx2e Warning: fixltx2e is not required with releases after 2015
(fixltx2e)                All fixes are now in the LaTeX kernel.
(fixltx2e)                See the latexrelease package for details.

Already applied: [0000/00/00] Old fixltx2e package on input line 53.
) (/usr/share/texlive/texmf-dist/tex/latex/tools/calc.sty
Package: calc 2014/10/28 v4.3 Infix arithmetic (KKT,FJ)
\calc@Acount=\count88
\calc@Bcount=\count89
\calc@Adimen=\dimen103
\calc@Bdimen=\dimen104
\calc@Askip=\skip43
\calc@Bskip=\skip44
LaTeX Info: Redefining \setlength on input line 80.
LaTeX Info: Redefining \addtolength on input line 81.
\calc@Ccount=\count90
\calc@Cskip=\skip45
) (./doxygen.sty
Package: doxygen 

(/usr/share/texlive/texmf-dist/tex/latex/base/alltt.sty
Package: alltt 1997/06/16 v2.0g defines alltt environment
)
(/usr/share/texlive/texmf-dist/tex/latex/tools/array.sty
Package: array 2016/10/06 v2.4d Tabular extension package (FMi)
\col@sep=\dimen105
\extrarowheight=\dimen106
\NC@list=\toks14
\extratabsurround=\skip46
\backup@length=\skip47
)
(/usr/share/texlive/texmf-dist/tex/latex/float/float.sty
Package: float 2001/11/08 v1.3d Float enhancements (AL)
\c@float@type=\count91
\float@exts=\toks15
\float@box=\box26
\@float@everytoks=\toks16
\@floatcapt=\box27
)
(/usr/share/texlive/texmf-dist/tex/latex/base/ifthen.sty
Package: ifthen 2014/09/29 v1.1c Standard LaTeX ifthen package (DPC)
)
(/usr/share/texlive/texmf-dist/tex/latex/tools/verbatim.sty
Package: verbatim 2014/10/28 v1.5q LaTeX2e package for verbatim enhancements
\every@verbatim=\toks17
\verbatim@line=\toks18
\verbatim@in@stream=\read1
)
(/usr/share/texlive/texmf-dist/tex/latex/xcolor/xcolor.sty
Package: xcolor 2016/05/11 v2.12 LaTeX color extensions (UK)

(/usr/share/texlive/texmf-dist/tex/latex/graphics-cfg/color.cfg
File: color.cfg 2016/01/02 v1.6 sample color configuration
)
Package xcolor Info: Driver file: pdftex.def on input line 225.

(/usr/share/texlive/texmf-dist/tex/latex/graphics-def/pdftex.def
File: pdftex.def 2018/01/08 v1.0l Graphics/color driver for pdftex
)
(/usr/share/texlive/texmf-dist/tex/latex/colortbl/colortbl.sty
Package: colortbl 2012/02/13 v1.0a Color table columns (DPC)
\everycr=\toks19
\minrowclearance=\skip48
)
\rownum=\count92
Package xcolor Info: Model `cmy' substituted by `cmy0' on input line 1348.
Package xcolor Info: Model `hsb' substituted by `rgb' on input line 1352.
Package xcolor Info: Model `RGB' extended on input line 1364.
Package xcolor Info: Model `HTML' substituted by `rgb' on input line 1366.
Package xcolor Info: Model `Hsb' substituted by `hsb' on input line 1367.
Package xcolor Info: Model `tHsb' substituted by `hsb' on input line 1368.
Package xcolor Info: Model `HSB' substituted by `hsb' on input line 1369.
Package xcolor Info: Model `Gray' substituted by `gray' on input line 1370.
Package xcolor Info: Model `wave' substituted by `hsb' on input line 1371.
)
(/usr/share/texlive/texmf-dist/tex/latex/tools/longtable.sty
Package: longtable 2014/10/28 v4.11 Multi-page Table package (DPC)
\LTleft=\skip49
\LTright=\skip50
\LTpre=\skip51
\LTpost=\skip52
\LTchunksize=\count93
\LTcapwidth=\dimen107
\LT@head=\box28
\LT@firsthead=\box29
\LT@foot=\box30
\LT@lastfoot=\box31
\LT@cols=\count94
\LT@rows=\count95
\c@LT@tables=\count96
\c@LT@chunks=\count97
\LT@p@ftn=\toks20
)
(/usr/share/texlive/texmf-dist/tex/latex/tabu/tabu.sty
Package: tabu 2011/02/26 v2.8 - flexible LaTeX tabulars (FC)

(/usr/share/texlive/texmf-dist/tex/latex/varwidth/varwidth.sty
Package: varwidth 2009/03/30 ver 0.92;  Variable-width minipages
\@vwid@box=\box32
\sift@deathcycles=\count98
\@vwid@loff=\dimen108
\@vwid@roff=\dimen109
)
\c@taburow=\count99
\tabu@nbcols=\count100
\tabu@cnt=\count101
\tabu@Xcol=\count102
\tabu@alloc=\count103
\tabu@nested=\count104
\tabu@target=\dimen110
\tabu@spreadtarget=\dimen111
\tabu@naturalX=\dimen112
\tabucolX=\dimen113
\tabu@Xsum=\dimen114
\extrarowdepth=\dimen115
\abovetabulinesep=\dimen116
\belowtabulinesep=\dimen117
\tabustrutrule=\dimen118
\tabu@thebody=\toks21
\tabu@footnotes=\toks22
\tabu@box=\box33
\tabu@arstrutbox=\box34
\tabu@hleads=\box35
\tabu@vleads=\box36
\tabu@cellskip=\skip53
)
(/usr/share/texlive/texmf-dist/tex/latex/tools/tabularx.sty
Package: tabularx 2016/02/03 v2.11 `tabularx' package (DPC)
\TX@col@width=\dimen119
\TX@old@table=\dimen120
\TX@old@col=\dimen121
\TX@target=\dimen122
\TX@delta=\dimen123
\TX@cols=\count105
\TX@ftn=\toks23
)
(/usr/share/texlive/texmf-dist/tex/latex/multirow/multirow.sty
Package: multirow 2016/11/25 v2.2 Span multiple rows of a table
\multirow@colwidth=\skip54
\multirow@cntb=\count106
\multirow@dima=\skip55
\bigstrutjot=\dimen124
)
\xrefbox=\box37
\xreflength=\skip56
)
(/usr/share/texlive/texmf-dist/tex/latex/adjustbox/adjustbox.sty
Package: adjustbox 2012/05/21 v1.0 Adjusting TeX boxes (trim, clip, ...)

(/usr/share/texlive/texmf-dist/tex/latex/xkeyval/xkeyval.sty
Package: xkeyval 2014/12/03 v2.7a package option processing (HA)

(/usr/share/texlive/texmf-dist/tex/generic/xkeyval/xkeyval.tex
(/usr/share/texlive/texmf-dist/tex/generic/xkeyval/xkvutils.tex
\XKV@toks=\toks24
\XKV@tempa@toks=\toks25

(/usr/share/texlive/texmf-dist/tex/generic/xkeyval/keyval.tex))
\XKV@depth=\count107
File: xkeyval.tex 2014/12/03 v2.7a key=value parser (HA)
))
(/usr/share/texlive/texmf-dist/tex/latex/adjustbox/adjcalc.sty
Package: adjcalc 2012/05/16 v1.1 Provides advanced setlength with multiple back
-ends (calc, etex, pgfmath)
)
(/usr/share/texlive/texmf-dist/tex/latex/adjustbox/trimclip.sty
Package: trimclip 2012/05/16 v1.0 Trim and clip general TeX material

(/usr/share/texlive/texmf-dist/tex/latex/graphics/graphicx.sty
Package: graphicx 2017/06/01 v1.1a Enhanced LaTeX Graphics (DPC,SPQR)

(/usr/share/texlive/texmf-dist/tex/latex/graphics/graphics.sty
Package: graphics 2017/06/25 v1.2c Standard LaTeX Graphics (DPC,SPQR)

(/usr/share/texlive/texmf-dist/tex/latex/graphics/trig.sty
Package: trig 2016/01/03 v1.10 sin cos tan (DPC)
)
(/usr/share/texlive/texmf-dist/tex/latex/graphics-cfg/graphics.cfg
File: graphics.cfg 2016/06/04 v1.11 sample graphics configuration
)
Package graphics Info: Driver file: pdftex.def on input line 99.
)
\Gin@req@height=\dimen125
\Gin@req@width=\dimen126
)
(/usr/share/texlive/texmf-dist/tex/latex/collectbox/collectbox.sty
Package: collectbox 2012/05/17 v0.4b Collect macro arguments as boxes
\collectedbox=\box38
)
\tc@llx=\dimen127
\tc@lly=\dimen128
\tc@urx=\dimen129
\tc@ury=\dimen130
Package trimclip Info: Using driver 'tc-pdftex.def'.

(/usr/share/texlive/texmf-dist/tex/latex/adjustbox/tc-pdftex.def
File: tc-pdftex.def 2012/05/13 v1.0 Clipping driver for pdftex
))
\adjbox@Width=\dimen131
\adjbox@Height=\dimen132
\adjbox@Depth=\dimen133
\adjbox@Totalheight=\dimen134

(/usr/share/texlive/texmf-dist/tex/latex/ifoddpage/ifoddpage.sty
Package: ifoddpage 2016/04/23 v1.1 Conditionals for odd/even page detection
\c@checkoddpage=\count108
))
(/usr/share/texlive/texmf-dist/tex/latex/base/inputenc.sty
Package: inputenc 2015/03/17 v1.2c Input encoding file
\inpenc@prehook=\toks26
\inpenc@posthook=\toks27

(/usr/share/texlive/texmf-dist/tex/latex/base/utf8.def
File: utf8.def 2017/01/28 v1.1t UTF-8 support for inputenc
Now handling font encoding OML ...
... no UTF-8 mapping file for font encoding OML
Now handling font encoding T1 ...
... processing UTF-8 mapping file for font encoding T1

(/usr/share/texlive/texmf-dist/tex/latex/base/t1enc.dfu
File: t1enc.dfu 2017/01/28 v1.1t UTF-8 support for inputenc
   defining Unicode char U+00A0 (decimal 160)
   defining Unicode char U+00A1 (decimal 161)
   defining Unicode char U+00A3 (decimal 163)
   defining Unicode char U+00AB (decimal 171)
   defining Unicode char U+00AD (decimal 173)
   defining Unicode char U+00BB (decimal 187)
   defining Unicode char U+00BF (decimal 191)
   defining Unicode char U+00C0 (decimal 192)
   defining Unicode char U+00C1 (decimal 193)
   defining Unicode char U+00C2 (decimal 194)
   defining Unicode char U+00C3 (decimal 195)
   defining Unicode char U+00C4 (decimal 196)
   defining Unicode char U+00C5 (decimal 197)
   defining Unicode char U+00C6 (decimal 198)
   defining Unicode char U+00C7 (decimal 199)
   defining Unicode char U+00C8 (decimal 200)
   defining Unicode char U+00C9 (decimal 201)
   defining Unicode char U+00CA (decimal 202)
   defining Unicode char U+00CB (decimal 203)
   defining Unicode char U+00CC (decimal 204)
   defining Unicode char U+00CD (decimal 205)
   defining Unicode char U+00CE (decimal 206)
   defining Unicode char U+00CF (decimal 207)
   defining Unicode char U+00D0 (decimal 208)
   defining Unicode char U+00D1 (decimal 209)
   defining Unicode char U+00D2 (decimal 210)
   defining Unicode char U+00D3 (decimal 211)
   defining Unicode char U+00D4 (decimal 212)
   defining Unicode char U+00D5 (decimal 213)
   defining Unicode char U+00D6 (decimal 214)
   defining Unicode char U+00D8 (decimal 216)
   defining Unicode char U+00D9 (decimal 217)
   defining Unicode char U+00DA (decimal 218)
   defining Unicode char U+00DB (decimal 219)
   defining Unicode char U+00DC (decimal 220)
   defining Unicode char U+00DD (decimal 221)
   defining Unicode char U+00DE (decimal 222)
   defining Unicode char U+00DF (decimal 223)
   defining Unicode char U+00E0 (decimal 224)
   defining Unicode char U+00E1 (decimal 225)
   defining Unicode char U+00E2 (decimal 226)
   defining Unicode char U+00E3 (decimal 227)
   defining Unicode char U+00E4 (decimal 228)
   defining Unicode char U+00E5 (decimal 229)
   defining Unicode char U+00E6 (decimal 230)
   defining Unicode char U+00E7 (decimal 231)
   defining Unicode char U+00E8 (decimal 232)
   defining Unicode char U+00E9 (decimal 233)
   defining Unicode char U+00EA (decimal 234)
   defining Unicode char U+00EB (decimal 235)
   defining Unicode char U+00EC (decimal 236)
   defining Unicode char U+00ED (decimal 237)
   defining Unicode char U+00EE (decimal 238)
   defining Unicode char U+00EF (decimal 239)
   defining Unicode char U+00F0 (decimal 240)
   defining Unicode char U+00F1 (decimal 241)
   defining Unicode char U+00F2 (decimal 242)
   defining Unicode char U+00F3 (decimal 243)
   defining Unicode char U+00F4 (decimal 244)
   defining Unicode char U+00F5 (decimal 245)
   defining Unicode char U+00F6 (decimal 246)
   defining Unicode char U+00F8 (decimal 248)
   defining Unicode char U+00F9 (decimal 249)
   defining Unicode char U+00FA (decimal 250)
   defining Unicode char U+00FB (decimal 251)
   defining Unicode char U+00FC (decimal 252)
   defining Unicode char U+00FD (decimal 253)
   defining Unicode char U+00FE (decimal 254)
   defining Unicode char U+00FF (decimal 255)
   defining Unicode char U+0100 (decimal 256)
   defining Unicode char U+0101 (decimal 257)
   defining Unicode char U+0102 (decimal 258)
   defining Unicode char U+0103 (decimal 259)
   defining Unicode char U+0104 (decimal 260)
   defining Unicode char U+0105 (decimal 261)
   defining Unicode char U+0106 (decimal 262)
   defining Unicode char U+0107 (decimal 263)
   defining Unicode char U+0108 (decimal 264)
   defining Unicode char U+0109 (decimal 265)
   defining Unicode char U+010A (decimal 266)
   defining Unicode char U+010B (decimal 267)
   defining Unicode char U+010C (decimal 268)
   defining Unicode char U+010D (decimal 269)
   defining Unicode char U+010E (decimal 270)
   defining Unicode char U+010F (decimal 271)
   defining Unicode char U+0110 (decimal 272)
   defining Unicode char U+0111 (decimal 273)
   defining Unicode char U+0112 (decimal 274)
   defining Unicode char U+0113 (decimal 275)
   defining Unicode char U+0114 (decimal 276)
   defining Unicode char U+0115 (decimal 277)
   defining Unicode char U+0116 (decimal 278)
   defining Unicode char U+0117 (decimal 279)
   defining Unicode char U+0118 (decimal 280)
   defining Unicode char U+0119 (decimal 281)
   defining Unicode char U+011A (decimal 282)
   defining Unicode char U+011B (decimal 283)
   defining Unicode char U+011C (decimal 284)
   defining Unicode char U+011D (decimal 285)
   defining Unicode char U+011E (decimal 286)
   defining Unicode char U+011F (decimal 287)
   defining Unicode char U+0120 (decimal 288)
   defining Unicode char U+0121 (decimal 289)
   defining Unicode char U+0122 (decimal 290)
   defining Unicode char U+0123 (decimal 291)
   defining Unicode char U+0124 (decimal 292)
   defining Unicode char U+0125 (decimal 293)
   defining Unicode char U+0128 (decimal 296)
   defining Unicode char U+0129 (decimal 297)
   defining Unicode char U+012A (decimal 298)
   defining Unicode char U+012B (decimal 299)
   defining Unicode char U+012C (decimal 300)
   defining Unicode char U+012D (decimal 301)
   defining Unicode char U+012E (decimal 302)
   defining Unicode char U+012F (decimal 303)
   defining Unicode char U+0130 (decimal 304)
   defining Unicode char U+0131 (decimal 305)
   defining Unicode char U+0132 (decimal 306)
   defining Unicode char U+0133 (decimal 307)
   defining Unicode char U+0134 (decimal 308)
   defining Unicode char U+0135 (decimal 309)
   defining Unicode char U+0136 (decimal 310)
   defining Unicode char U+0137 (decimal 311)
   defining Unicode char U+0139 (decimal 313)
   defining Unicode char U+013A (decimal 314)
   defining Unicode char U+013B (decimal 315)
   defining Unicode char U+013C (decimal 316)
   defining Unicode char U+013D (decimal 317)
   defining Unicode char U+013E (decimal 318)
   defining Unicode char U+0141 (decimal 321)
   defining Unicode char U+0142 (decimal 322)
   defining Unicode char U+0143 (decimal 323)
   defining Unicode char U+0144 (decimal 324)
   defining Unicode char U+0145 (decimal 325)
   defining Unicode char U+0146 (decimal 326)
   defining Unicode char U+0147 (decimal 327)
   defining Unicode char U+0148 (decimal 328)
   defining Unicode char U+014A (decimal 330)
   defining Unicode char U+014B (decimal 331)
   defining Unicode char U+014C (decimal 332)
   defining Unicode char U+014D (decimal 333)
   defining Unicode char U+014E (decimal 334)
   defining Unicode char U+014F (decimal 335)
   defining Unicode char U+0150 (decimal 336)
   defining Unicode char U+0151 (decimal 337)
   defining Unicode char U+0152 (decimal 338)
   defining Unicode char U+0153 (decimal 339)
   defining Unicode char U+0154 (decimal 340)
   defining Unicode char U+0155 (decimal 341)
   defining Unicode char U+0156 (decimal 342)
   defining Unicode char U+0157 (decimal 343)
   defining Unicode char U+0158 (decimal 344)
   defining Unicode char U+0159 (decimal 345)
   defining Unicode char U+015A (decimal 346)
   defining Unicode char U+015B (decimal 347)
   defining Unicode char U+015C (decimal 348)
   defining Unicode char U+015D (decimal 349)
   defining Unicode char U+015E (decimal 350)
   defining Unicode char U+015F (decimal 351)
   defining Unicode char U+0160 (decimal 352)
   defining Unicode char U+0161 (decimal 353)
   defining Unicode char U+0162 (decimal 354)
   defining Unicode char U+0163 (decimal 355)
   defining Unicode char U+0164 (decimal 356)
   defining Unicode char U+0165 (decimal 357)
   defining Unicode char U+0168 (decimal 360)
   defining Unicode char U+0169 (decimal 361)
   defining Unicode char U+016A (decimal 362)
   defining Unicode char U+016B (decimal 363)
   defining Unicode char U+016C (decimal 364)
   defining Unicode char U+016D (decimal 365)
   defining Unicode char U+016E (decimal 366)
   defining Unicode char U+016F (decimal 367)
   defining Unicode char U+0170 (decimal 368)
   defining Unicode char U+0171 (decimal 369)
   defining Unicode char U+0172 (decimal 370)
   defining Unicode char U+0173 (decimal 371)
   defining Unicode char U+0174 (decimal 372)
   defining Unicode char U+0175 (decimal 373)
   defining Unicode char U+0176 (decimal 374)
   defining Unicode char U+0177 (decimal 375)
   defining Unicode char U+0178 (decimal 376)
   defining Unicode char U+0179 (decimal 377)
   defining Unicode char U+017A (decimal 378)
   defining Unicode char U+017B (decimal 379)
   defining Unicode char U+017C (decimal 380)
   defining Unicode char U+017D (decimal 381)
   defining Unicode char U+017E (decimal 382)
   defining Unicode char U+01CD (decimal 461)
   defining Unicode char U+01CE (decimal 462)
   defining Unicode char U+01CF (decimal 463)
   defining Unicode char U+01D0 (decimal 464)
   defining Unicode char U+01D1 (decimal 465)
   defining Unicode char U+01D2 (decimal 466)
   defining Unicode char U+01D3 (decimal 467)
   defining Unicode char U+01D4 (decimal 468)
   defining Unicode char U+01E2 (decimal 482)
   defining Unicode char U+01E3 (decimal 483)
   defining Unicode char U+01E6 (decimal 486)
   defining Unicode char U+01E7 (decimal 487)
   defining Unicode char U+01E8 (decimal 488)
   defining Unicode char U+01E9 (decimal 489)
   defining Unicode char U+01EA (decimal 490)
   defining Unicode char U+01EB (decimal 491)
   defining Unicode char U+01F0 (decimal 496)
   defining Unicode char U+01F4 (decimal 500)
   defining Unicode char U+01F5 (decimal 501)
   defining Unicode char U+0218 (decimal 536)
   defining Unicode char U+0219 (decimal 537)
   defining Unicode char U+021A (decimal 538)
   defining Unicode char U+021B (decimal 539)
   defining Unicode char U+0232 (decimal 562)
   defining Unicode char U+0233 (decimal 563)
   defining Unicode char U+1E02 (decimal 7682)
   defining Unicode char U+1E03 (decimal 7683)
   defining Unicode char U+200C (decimal 8204)
   defining Unicode char U+2010 (decimal 8208)
   defining Unicode char U+2011 (decimal 8209)
   defining Unicode char U+2012 (decimal 8210)
   defining Unicode char U+2013 (decimal 8211)
   defining Unicode char U+2014 (decimal 8212)
   defining Unicode char U+2015 (decimal 8213)
   defining Unicode char U+2018 (decimal 8216)
   defining Unicode char U+2019 (decimal 8217)
   defining Unicode char U+201A (decimal 8218)
   defining Unicode char U+201C (decimal 8220)
   defining Unicode char U+201D (decimal 8221)
   defining Unicode char U+201E (decimal 8222)
   defining Unicode char U+2030 (decimal 8240)
   defining Unicode char U+2031 (decimal 8241)
   defining Unicode char U+2039 (decimal 8249)
   defining Unicode char U+203A (decimal 8250)
   defining Unicode char U+2423 (decimal 9251)
   defining Unicode char U+1E20 (decimal 7712)
   defining Unicode char U+1E21 (decimal 7713)
)
Now handling font encoding OT1 ...
... processing UTF-8 mapping file for font encoding OT1

(/usr/share/texlive/texmf-dist/tex/latex/base/ot1enc.dfu
File: ot1enc.dfu 2017/01/28 v1.1t UTF-8 support for inputenc
   defining Unicode char U+00A0 (decimal 160)
   defining Unicode char U+00A1 (decimal 161)
   defining Unicode char U+00A3 (decimal 163)
   defining Unicode char U+00AD (decimal 173)
   defining Unicode char U+00B8 (decimal 184)
   defining Unicode char U+00BF (decimal 191)
   defining Unicode char U+00C5 (decimal 197)
   defining Unicode char U+00C6 (decimal 198)
   defining Unicode char U+00D8 (decimal 216)
   defining Unicode char U+00DF (decimal 223)
   defining Unicode char U+00E6 (decimal 230)
   defining Unicode char U+00EC (decimal 236)
   defining Unicode char U+00ED (decimal 237)
   defining Unicode char U+00EE (decimal 238)
   defining Unicode char U+00EF (decimal 239)
   defining Unicode char U+00F8 (decimal 248)
   defining Unicode char U+0131 (decimal 305)
   defining Unicode char U+0141 (decimal 321)
   defining Unicode char U+0142 (decimal 322)
   defining Unicode char U+0152 (decimal 338)
   defining Unicode char U+0153 (decimal 339)
   defining Unicode char U+0174 (decimal 372)
   defining Unicode char U+0175 (decimal 373)
   defining Unicode char U+0176 (decimal 374)
   defining Unicode char U+0177 (decimal 375)
   defining Unicode char U+0218 (decimal 536)
   defining Unicode char U+0219 (decimal 537)
   defining Unicode char U+021A (decimal 538)
   defining Unicode char U+021B (decimal 539)
   defining Unicode char U+2013 (decimal 8211)
   defining Unicode char U+2014 (decimal 8212)
   defining Unicode char U+2018 (decimal 8216)
   defining Unicode char U+2019 (decimal 8217)
   defining Unicode char U+201C (decimal 8220)
   defining Unicode char U+201D (decimal 8221)
)
Now handling font encoding OMS ...
... processing UTF-8 mapping file for font encoding OMS

(/usr/share/texlive/texmf-dist/tex/latex/base/omsenc.dfu
File: omsenc.dfu 2017/01/28 v1.1t UTF-8 support for inputenc
   defining Unicode char U+00A7 (decimal 167)
   defining Unicode char U+00B6 (decimal 182)
   defining Unicode char U+00B7 (decimal 183)
   defining Unicode char U+2020 (decimal 8224)
   defining Unicode char U+2021 (decimal 8225)
   defining Unicode char U+2022 (decimal 8226)
)
Now handling font encoding OMX ...
... no UTF-8 mapping file for font encoding OMX
Now handling font encoding U ...
... no UTF-8 mapping file for font encoding U
   defining Unicode char U+00A9 (decimal 169)
   defining Unicode char U+00AA (decimal 170)
   defining Unicode char U+00AE (decimal 174)
   defining Unicode char U+00BA (decimal 186)
   defining Unicode char U+02C6 (decimal 710)
   defining Unicode char U+02DC (decimal 732)
   defining Unicode char U+200C (decimal 8204)
   defining Unicode char U+2026 (decimal 8230)
   defining Unicode char U+2122 (decimal 8482)
   defining Unicode char U+2423 (decimal 9251)
))
(/usr/share/texlive/texmf-dist/tex/latex/base/makeidx.sty
Package: makeidx 2014/09/29 v1.0m Standard LaTeX package
)
(/usr/share/texlive/texmf-dist/tex/latex/tools/multicol.sty
Package: multicol 2017/04/11 v1.8q multicolumn formatting (FMi)
\c@tracingmulticols=\count109
\mult@box=\box39
\multicol@leftmargin=\dimen135
\c@unbalance=\count110
\c@collectmore=\count111
\doublecol@number=\count112
\multicoltolerance=\count113
\multicolpretolerance=\count114
\full@width=\dimen136
\page@free=\dimen137
\premulticols=\dimen138
\postmulticols=\dimen139
\multicolsep=\skip57
\multicolbaselineskip=\skip58
\partial@page=\box40
\last@line=\box41
\maxbalancingoverflow=\dimen140
\mult@rightbox=\box42
\mult@grightbox=\box43
\mult@gfirstbox=\box44
\mult@firstbox=\box45
\@tempa=\box46
\@tempa=\box47
\@tempa=\box48
\@tempa=\box49
\@tempa=\box50
\@tempa=\box51
\@tempa=\box52
\@tempa=\box53
\@tempa=\box54
\@tempa=\box55
\@tempa=\box56
\@tempa=\box57
\@tempa=\box58
\@tempa=\box59
\@tempa=\box60
\@tempa=\box61
\@tempa=\box62
\c@columnbadness=\count115
\c@finalcolumnbadness=\count116
\last@try=\dimen141
\multicolovershoot=\dimen142
\multicolundershoot=\dimen143
\mult@nat@firstbox=\box63
\colbreak@box=\box64
\mc@col@check@num=\count117
)
(/usr/share/texlive/texmf-dist/tex/latex/base/textcomp.sty
Package: textcomp 2017/04/05 v2.0i Standard LaTeX package
Package textcomp Info: Sub-encoding information:
(textcomp)               5 = only ISO-Adobe without \textcurrency
(textcomp)               4 = 5 + \texteuro
(textcomp)               3 = 4 + \textohm
(textcomp)               2 = 3 + \textestimated + \textcurrency
(textcomp)               1 = TS1 - \textcircled - \t
(textcomp)               0 = TS1 (full)
(textcomp)             Font families with sub-encoding setting implement
(textcomp)             only a restricted character set as indicated.
(textcomp)             Family '?' is the default used for unknown fonts.
(textcomp)             See the documentation for details.
Package textcomp Info: Setting ? sub-encoding to TS1/1 on input line 79.

(/usr/share/texlive/texmf-dist/tex/latex/base/ts1enc.def
File: ts1enc.def 2001/06/05 v3.0e (jk/car/fm) Standard LaTeX file
Now handling font encoding TS1 ...
... processing UTF-8 mapping file for font encoding TS1

(/usr/share/texlive/texmf-dist/tex/latex/base/ts1enc.dfu
File: ts1enc.dfu 2017/01/28 v1.1t UTF-8 support for inputenc
   defining Unicode char U+00A2 (decimal 162)
   defining Unicode char U+00A3 (decimal 163)
   defining Unicode char U+00A4 (decimal 164)
   defining Unicode char U+00A5 (decimal 165)
   defining Unicode char U+00A6 (decimal 166)
   defining Unicode char U+00A7 (decimal 167)
   defining Unicode char U+00A8 (decimal 168)
   defining Unicode char U+00A9 (decimal 169)
   defining Unicode char U+00AA (decimal 170)
   defining Unicode char U+00AC (decimal 172)
   defining Unicode char U+00AE (decimal 174)
   defining Unicode char U+00AF (decimal 175)
   defining Unicode char U+00B0 (decimal 176)
   defining Unicode char U+00B1 (decimal 177)
   defining Unicode char U+00B2 (decimal 178)
   defining Unicode char U+00B3 (decimal 179)
   defining Unicode char U+00B4 (decimal 180)
   defining Unicode char U+00B5 (decimal 181)
   defining Unicode char U+00B6 (decimal 182)
   defining Unicode char U+00B7 (decimal 183)
   defining Unicode char U+00B9 (decimal 185)
   defining Unicode char U+00BA (decimal 186)
   defining Unicode char U+00BC (decimal 188)
   defining Unicode char U+00BD (decimal 189)
   defining Unicode char U+00BE (decimal 190)
   defining Unicode char U+00D7 (decimal 215)
   defining Unicode char U+00F7 (decimal 247)
   defining Unicode char U+0192 (decimal 402)
   defining Unicode char U+02C7 (decimal 711)
   defining Unicode char U+02D8 (decimal 728)
   defining Unicode char U+02DD (decimal 733)
   defining Unicode char U+0E3F (decimal 3647)
   defining Unicode char U+2016 (decimal 8214)
   defining Unicode char U+2020 (decimal 8224)
   defining Unicode char U+2021 (decimal 8225)
   defining Unicode char U+2022 (decimal 8226)
   defining Unicode char U+2030 (decimal 8240)
   defining Unicode char U+2031 (decimal 8241)
   defining Unicode char U+203B (decimal 8251)
   defining Unicode char U+203D (decimal 8253)
   defining Unicode char U+2044 (decimal 8260)
   defining Unicode char U+204E (decimal 8270)
   defining Unicode char U+2052 (decimal 8274)
   defining Unicode char U+20A1 (decimal 8353)
   defining Unicode char U+20A4 (decimal 8356)
   defining Unicode char U+20A6 (decimal 8358)
   defining Unicode char U+20A9 (decimal 8361)
   defining Unicode char U+20AB (decimal 8363)
   defining Unicode char U+20AC (decimal 8364)
   defining Unicode char U+20B1 (decimal 8369)
   defining Unicode char U+2103 (decimal 8451)
   defining Unicode char U+2116 (decimal 8470)
   defining Unicode char U+2117 (decimal 8471)
   defining Unicode char U+211E (decimal 8478)
   defining Unicode char U+2120 (decimal 8480)
   defining Unicode char U+2122 (decimal 8482)
   defining Unicode char U+2126 (decimal 8486)
   defining Unicode char U+2127 (decimal 8487)
   defining Unicode char U+212E (decimal 8494)
   defining Unicode char U+2190 (decimal 8592)
   defining Unicode char U+2191 (decimal 8593)
   defining Unicode char U+2192 (decimal 8594)
   defining Unicode char U+2193 (decimal 8595)
   defining Unicode char U+2329 (decimal 9001)
   defining Unicode char U+232A (decimal 9002)
   defining Unicode char U+2422 (decimal 9250)
   defining Unicode char U+25E6 (decimal 9702)
   defining Unicode char U+25EF (decimal 9711)
   defining Unicode char U+266A (decimal 9834)
))
LaTeX Info: Redefining \oldstylenums on input line 334.
Package textcomp Info: Setting cmr sub-encoding to TS1/0 on input line 349.
Package textcomp Info: Setting cmss sub-encoding to TS1/0 on input line 350.
Package textcomp Info: Setting cmtt sub-encoding to TS1/0 on input line 351.
Package textcomp Info: Setting cmvtt sub-encoding to TS1/0 on input line 352.
Package textcomp Info: Setting cmbr sub-encoding to TS1/0 on input line 353.
Package textcomp Info: Setting cmtl sub-encoding to TS1/0 on input line 354.
Package textcomp Info: Setting ccr sub-encoding to TS1/0 on input line 355.
Package textcomp Info: Setting ptm sub-encoding to TS1/4 on input line 356.
Package textcomp Info: Setting pcr sub-encoding to TS1/4 on input line 357.
Package textcomp Info: Setting phv sub-encoding to TS1/4 on input line 358.
Package textcomp Info: Setting ppl sub-encoding to TS1/3 on input line 359.
Package textcomp Info: Setting pag sub-encoding to TS1/4 on input line 360.
Package textcomp Info: Setting pbk sub-encoding to TS1/4 on input line 361.
Package textcomp Info: Setting pnc sub-encoding to TS1/4 on input line 362.
Package textcomp Info: Setting pzc sub-encoding to TS1/4 on input line 363.
Package textcomp Info: Setting bch sub-encoding to TS1/4 on input line 364.
Package textcomp Info: Setting put sub-encoding to TS1/5 on input line 365.
Package textcomp Info: Setting uag sub-encoding to TS1/5 on input line 366.
Package textcomp Info: Setting ugq sub-encoding to TS1/5 on input line 367.
Package textcomp Info: Setting ul8 sub-encoding to TS1/4 on input line 368.
Package textcomp Info: Setting ul9 sub-encoding to TS1/4 on input line 369.
Package textcomp Info: Setting augie sub-encoding to TS1/5 on input line 370.
Package textcomp Info: Setting dayrom sub-encoding to TS1/3 on input line 371.
Package textcomp Info: Setting dayroms sub-encoding to TS1/3 on input line 372.

Package textcomp Info: Setting pxr sub-encoding to TS1/0 on input line 373.
Package textcomp Info: Setting pxss sub-encoding to TS1/0 on input line 374.
Package textcomp Info: Setting pxtt sub-encoding to TS1/0 on input line 375.
Package textcomp Info: Setting txr sub-encoding to TS1/0 on input line 376.
Package textcomp Info: Setting txss sub-encoding to TS1/0 on input line 377.
Package textcomp Info: Setting txtt sub-encoding to TS1/0 on input line 378.
Package textcomp Info: Setting lmr sub-encoding to TS1/0 on input line 379.
Package textcomp Info: Setting lmdh sub-encoding to TS1/0 on input line 380.
Package textcomp Info: Setting lmss sub-encoding to TS1/0 on input line 381.
Package textcomp Info: Setting lmssq sub-encoding to TS1/0 on input line 382.
Package textcomp Info: Setting lmvtt sub-encoding to TS1/0 on input line 383.
Package textcomp Info: Setting lmtt sub-encoding to TS1/0 on input line 384.
Package textcomp Info: Setting qhv sub-encoding to TS1/0 on input line 385.
Package textcomp Info: Setting qag sub-encoding to TS1/0 on input line 386.
Package textcomp Info: Setting qbk sub-encoding to TS1/0 on input line 387.
Package textcomp Info: Setting qcr sub-encoding to TS1/0 on input line 388.
Package textcomp Info: Setting qcs sub-encoding to TS1/0 on input line 389.
Package textcomp Info: Setting qpl sub-encoding to TS1/0 on input line 390.
Package textcomp Info: Setting qtm sub-encoding to TS1/0 on input line 391.
Package textcomp Info: Setting qzc sub-encoding to TS1/0 on input line 392.
Package textcomp Info: Setting qhvc sub-encoding to TS1/0 on input line 393.
Package textcomp Info: Setting futs sub-encoding to TS1/4 on input line 394.
Package textcomp Info: Setting futx sub-encoding to TS1/4 on input line 395.
Package textcomp Info: Setting futj sub-encoding to TS1/4 on input line 396.
Package textcomp Info: Setting hlh sub-encoding to TS1/3 on input line 397.
Package textcomp Info: Setting hls sub-encoding to TS1/3 on input line 398.
Package textcomp Info: Setting hlst sub-encoding to TS1/3 on input line 399.
Package textcomp Info: Setting hlct sub-encoding to TS1/5 on input line 400.
Package textcomp Info: Setting hlx sub-encoding to TS1/5 on input line 401.
Package textcomp Info: Setting hlce sub-encoding to TS1/5 on input line 402.
Package textcomp Info: Setting hlcn sub-encoding to TS1/5 on input line 403.
Package textcomp Info: Setting hlcw sub-encoding to TS1/5 on input line 404.
Package textcomp Info: Setting hlcf sub-encoding to TS1/5 on input line 405.
Package textcomp Info: Setting pplx sub-encoding to TS1/3 on input line 406.
Package textcomp Info: Setting pplj sub-encoding to TS1/3 on input line 407.
Package textcomp Info: Setting ptmx sub-encoding to TS1/4 on input line 408.
Package textcomp Info: Setting ptmj sub-encoding to TS1/4 on input line 409.
)
(/usr/share/texlive/texmf-dist/tex/latex/wasysym/wasysym.sty
Package: wasysym 2003/10/30 v2.0 Wasy-2 symbol support package
\symwasy=\mathgroup4
LaTeX Font Info:    Overwriting symbol font `wasy' in version `bold'
(Font)                  U/wasy/m/n --> U/wasy/b/n on input line 90.
)
(/usr/share/texlive/texmf-dist/tex/latex/base/fontenc.sty
Package: fontenc 2017/04/05 v2.0i Standard LaTeX package

(/usr/share/texlive/texmf-dist/tex/latex/base/t1enc.def
File: t1enc.def 2017/04/05 v2.0i Standard LaTeX file
LaTeX Font Info:    Redeclaring font encoding T1 on input line 48.
))
(/usr/share/texlive/texmf-dist/tex/latex/psnfss/helvet.sty
Package: helvet 2005/04/12 PSNFSS-v9.2a (WaS) 
)
(/usr/share/texlive/texmf-dist/tex/latex/psnfss/courier.sty
Package: courier 2005/04/12 PSNFSS-v9.2a (WaS) 
)
(/usr/share/texlive/texmf-dist/tex/latex/amsfonts/amssymb.sty
Package: amssymb 2013/01/14 v3.01 AMS font symbols

(/usr/share/texlive/texmf-dist/tex/latex/amsfonts/amsfonts.sty
Package: amsfonts 2013/01/14 v3.01 Basic AMSFonts support
\@emptytoks=\toks28
\symAMSa=\mathgroup5
\symAMSb=\mathgroup6
LaTeX Font Info:    Overwriting math alphabet `\mathfrak' in version `bold'
(Font)                  U/euf/m/n --> U/euf/b/n on input line 106.
))
(/usr/share/texlive/texmf-dist/tex/latex/sectsty/sectsty.sty
Package: sectsty 2002/02/25 v2.0.2 Commands to change all sectional heading sty
les
)
(/usr/share/texlive/texmf-dist/tex/latex/geometry/geometry.sty
Package: geometry 2010/09/12 v5.6 Page Geometry

(/usr/share/texlive/texmf-dist/tex/generic/oberdiek/ifpdf.sty
Package: ifpdf 2017/03/15 v3.2 Provides the ifpdf switch
)
(/usr/share/texlive/texmf-dist/tex/generic/oberdiek/ifvtex.sty
Package: ifvtex 2016/05/16 v1.6 Detect VTeX and its facilities (HO)
Package ifvtex Info: VTeX not detected.
)
(/usr/share/texlive/texmf-dist/tex/generic/ifxetex/ifxetex.sty
Package: ifxetex 2010/09/12 v0.6 Provides ifxetex conditional
)
\Gm@cnth=\count118
\Gm@cntv=\count119
\c@Gm@tempcnt=\count120
\Gm@bindingoffset=\dimen144
\Gm@wd@mp=\dimen145
\Gm@odd@mp=\dimen146
\Gm@even@mp=\dimen147
\Gm@layoutwidth=\dimen148
\Gm@layoutheight=\dimen149
\Gm@layouthoffset=\dimen150
\Gm@layoutvoffset=\dimen151
\Gm@dimlist=\toks29
)
(/usr/share/texlive/texmf-dist/tex/latex/fancyhdr/fancyhdr.sty
Package: fancyhdr 2017/06/30 v3.9a Extensive control of page headers and footer
s
\f@nch@headwidth=\skip59
\f@nch@O@elh=\skip60
\f@nch@O@erh=\skip61
\f@nch@O@olh=\skip62
\f@nch@O@orh=\skip63
\f@nch@O@elf=\skip64
\f@nch@O@erf=\skip65
\f@nch@O@olf=\skip66
\f@nch@O@orf=\skip67
)
(/usr/share/texlive/texmf-dist/tex/latex/natbib/natbib.sty
Package: natbib 2010/09/13 8.31b (PWD, AO)
\bibhang=\skip68
\bibsep=\skip69
LaTeX Info: Redefining \cite on input line 694.
\c@NAT@ctr=\count121
)
(/usr/share/texlive/texmf-dist/tex/latex/tocloft/tocloft.sty
Package: tocloft 2017/08/31 v2.3i parameterised ToC, etc., typesetting
Package tocloft Info: The document has chapter divisions on input line 51.
\cftparskip=\skip70
\cftbeforetoctitleskip=\skip71
\cftaftertoctitleskip=\skip72
\cftbeforepartskip=\skip73
\cftpartnumwidth=\skip74
\cftpartindent=\skip75
\cftbeforechapskip=\skip76
\cftchapindent=\skip77
\cftchapnumwidth=\skip78
\cftbeforesecskip=\skip79
\cftsecindent=\skip80
\cftsecnumwidth=\skip81
\cftbeforesubsecskip=\skip82
\cftsubsecindent=\skip83
\cftsubsecnumwidth=\skip84
\cftbeforesubsubsecskip=\skip85
\cftsubsubsecindent=\skip86
\cftsubsubsecnumwidth=\skip87
\cftbeforeparaskip=\skip88
\cftparaindent=\skip89
\cftparanumwidth=\skip90
\cftbeforesubparaskip=\skip91
\cftsubparaindent=\skip92
\cftsubparanumwidth=\skip93
\cftbeforeloftitleskip=\skip94
\cftafterloftitleskip=\skip95
\cftbeforefigskip=\skip96
\cftfigindent=\skip97
\cftfignumwidth=\skip98
\c@lofdepth=\count122
\c@lotdepth=\count123
\cftbeforelottitleskip=\skip99
\cftafterlottitleskip=\skip100
\cftbeforetabskip=\skip101
\cfttabindent=\skip102
\cfttabnumwidth=\skip103
)
\@indexfile=\write3
\openout3 = `refman.idx'.


Writing index file refman.idx
(/usr/share/texlive/texmf-dist/tex/latex/hyperref/hyperref.sty
Package: hyperref 2018/02/06 v6.86b Hypertext links for LaTeX

(/usr/share/texlive/texmf-dist/tex/generic/oberdiek/hobsub-hyperref.sty
Package: hobsub-hyperref 2016/05/16 v1.14 Bundle oberdiek, subset hyperref (HO)


(/usr/share/texlive/texmf-dist/tex/generic/oberdiek/hobsub-generic.sty
Package: hobsub-generic 2016/05/16 v1.14 Bundle oberdiek, subset generic (HO)
Package: hobsub 2016/05/16 v1.14 Construct package bundles (HO)
Package: infwarerr 2016/05/16 v1.4 Providing info/warning/error messages (HO)
Package: ltxcmds 2016/05/16 v1.23 LaTeX kernel commands for general use (HO)
Package: ifluatex 2016/05/16 v1.4 Provides the ifluatex switch (HO)
Package ifluatex Info: LuaTeX not detected.
Package hobsub Info: Skipping package `ifvtex' (already loaded).
Package: intcalc 2016/05/16 v1.2 Expandable calculations with integers (HO)
Package hobsub Info: Skipping package `ifpdf' (already loaded).
Package: etexcmds 2016/05/16 v1.6 Avoid name clashes with e-TeX commands (HO)
Package etexcmds Info: Could not find \expanded.
(etexcmds)             That can mean that you are not using pdfTeX 1.50 or
(etexcmds)             that some package has redefined \expanded.
(etexcmds)             In the latter case, load this package earlier.
Package: kvsetkeys 2016/05/16 v1.17 Key value parser (HO)
Package: kvdefinekeys 2016/05/16 v1.4 Define keys (HO)
Package: pdftexcmds 2018/01/21 v0.26 Utility functions of pdfTeX for LuaTeX (HO
)
Package pdftexcmds Info: LuaTeX not detected.
Package pdftexcmds Info: \pdf@primitive is available.
Package pdftexcmds Info: \pdf@ifprimitive is available.
Package pdftexcmds Info: \pdfdraftmode found.
Package: pdfescape 2016/05/16 v1.14 Implements pdfTeX's escape features (HO)
Package: bigintcalc 2016/05/16 v1.4 Expandable calculations on big integers (HO
)
Package: bitset 2016/05/16 v1.2 Handle bit-vector datatype (HO)
Package: uniquecounter 2016/05/16 v1.3 Provide unlimited unique counter (HO)
)
Package hobsub Info: Skipping package `hobsub' (already loaded).
Package: letltxmacro 2016/05/16 v1.5 Let assignment for LaTeX macros (HO)
Package: hopatch 2016/05/16 v1.3 Wrapper for package hooks (HO)
Package: xcolor-patch 2016/05/16 xcolor patch
Package: atveryend 2016/05/16 v1.9 Hooks at the very end of document (HO)
Package atveryend Info: \enddocument detected (standard20110627).
Package: atbegshi 2016/06/09 v1.18 At begin shipout hook (HO)
Package: refcount 2016/05/16 v3.5 Data extraction from label references (HO)
Package: hycolor 2016/05/16 v1.8 Color options for hyperref/bookmark (HO)
)
(/usr/share/texlive/texmf-dist/tex/latex/oberdiek/auxhook.sty
Package: auxhook 2016/05/16 v1.4 Hooks for auxiliary files (HO)
)
(/usr/share/texlive/texmf-dist/tex/latex/oberdiek/kvoptions.sty
Package: kvoptions 2016/05/16 v3.12 Key value format for package options (HO)
)
\@linkdim=\dimen152
\Hy@linkcounter=\count124
\Hy@pagecounter=\count125

(/usr/share/texlive/texmf-dist/tex/latex/hyperref/pd1enc.def
File: pd1enc.def 2018/02/06 v6.86b Hyperref: PDFDocEncoding definition (HO)
Now handling font encoding PD1 ...
... no UTF-8 mapping file for font encoding PD1
)
\Hy@SavedSpaceFactor=\count126

(/usr/share/texlive/texmf-dist/tex/latex/latexconfig/hyperref.cfg
File: hyperref.cfg 2002/06/06 v1.2 hyperref configuration of TeXLive
)
Package hyperref Info: Hyper figures OFF on input line 4509.
Package hyperref Info: Link nesting OFF on input line 4514.
Package hyperref Info: Hyper index ON on input line 4517.
Package hyperref Info: Plain pages OFF on input line 4524.
Package hyperref Info: Backreferencing ON on input line 4527.
Package hyperref Info: Implicit mode ON; LaTeX internals redefined.
Package hyperref Info: Bookmarks ON on input line 4762.

(/usr/share/texlive/texmf-dist/tex/latex/hyperref/backref.sty
Package: backref 2016/05/21 v1.39 Bibliographical back referencing

(/usr/share/texlive/texmf-dist/tex/latex/oberdiek/rerunfilecheck.sty
Package: rerunfilecheck 2016/05/16 v1.8 Rerun checks for auxiliary files (HO)
Package uniquecounter Info: New unique counter `rerunfilecheck' on input line 2
82.
))
\c@Hy@tempcnt=\count127

(/usr/share/texlive/texmf-dist/tex/latex/url/url.sty
\Urlmuskip=\muskip10
Package: url 2013/09/16  ver 3.4  Verb mode for urls, etc.
)
LaTeX Info: Redefining \url on input line 5115.
\XeTeXLinkMargin=\dimen153
\Fld@menulength=\count128
\Field@Width=\dimen154
\Fld@charsize=\dimen155
Package hyperref Info: Hyper figures OFF on input line 6369.
Package hyperref Info: Link nesting OFF on input line 6374.
Package hyperref Info: Hyper index ON on input line 6377.
Package hyperref Info: backreferencing ON on input line 6382.
Package hyperref Info: Link coloring OFF on input line 6389.
Package hyperref Info: Link coloring with OCG OFF on input line 6394.
Package hyperref Info: PDF/A mode OFF on input line 6399.
LaTeX Info: Redefining \ref on input line 6439.
LaTeX Info: Redefining \pageref on input line 6443.
\Hy@abspage=\count129
\c@Item=\count130
\c@Hfootnote=\count131
)
Package hyperref Info: Driver: hpdftex.

(/usr/share/texlive/texmf-dist/tex/latex/hyperref/hpdftex.def
File: hpdftex.def 2018/02/06 v6.86b Hyperref driver for pdfTeX
\Fld@listcount=\count132
\c@bookmark@seq@number=\count133
\Hy@SectionHShift=\skip104
)
Package hyperref Info: Option `colorlinks' set `true' on input line 105.
Package hyperref Info: Option `unicode' set `true' on input line 105.

(/usr/share/texlive/texmf-dist/tex/latex/hyperref/puenc.def
File: puenc.def 2018/02/06 v6.86b Hyperref: PDF Unicode definition (HO)
Now handling font encoding PU ...
... no UTF-8 mapping file for font encoding PU
)
(/usr/share/texlive/texmf-dist/tex/latex/caption/caption.sty
Package: caption 2016/02/21 v3.3-144 Customizing captions (AR)

(/usr/share/texlive/texmf-dist/tex/latex/caption/caption3.sty
Package: caption3 2016/05/22 v1.7-166 caption3 kernel (AR)
Package caption3 Info: TeX engine: e-TeX on input line 67.
\captionmargin=\dimen156
\captionmargin@=\dimen157
\captionwidth=\dimen158
\caption@tempdima=\dimen159
\caption@indent=\dimen160
\caption@parindent=\dimen161
\caption@hangindent=\dimen162
)
\c@ContinuedFloat=\count134
Package caption Info: float package is loaded.
Package caption Info: hyperref package is loaded.
Package caption Info: longtable package is loaded.

(/usr/share/texlive/texmf-dist/tex/latex/caption/ltcaption.sty
Package: ltcaption 2013/06/09 v1.4-94 longtable captions (AR)
)) (./refman.aux)
\openout1 = `refman.aux'.

LaTeX Font Info:    Checking defaults for OML/cmm/m/it on input line 117.
LaTeX Font Info:    ... okay on input line 117.
LaTeX Font Info:    Checking defaults for T1/cmr/m/n on input line 117.
LaTeX Font Info:    ... okay on input line 117.
LaTeX Font Info:    Checking defaults for OT1/cmr/m/n on input line 117.
LaTeX Font Info:    ... okay on input line 117.
LaTeX Font Info:    Checking defaults for OMS/cmsy/m/n on input line 117.
LaTeX Font Info:    ... okay on input line 117.
LaTeX Font Info:    Checking defaults for OMX/cmex/m/n on input line 117.
LaTeX Font Info:    ... okay on input line 117.
LaTeX Font Info:    Checking defaults for U/cmr/m/n on input line 117.
LaTeX Font Info:    ... okay on input line 117.
LaTeX Font Info:    Checking defaults for TS1/cmr/m/n on input line 117.
LaTeX Font Info:    Try loading font information for TS1+cmr on input line 117.

(/usr/share/texlive/texmf-dist/tex/latex/base/ts1cmr.fd
File: ts1cmr.fd 2014/09/29 v2.5h Standard LaTeX font definitions
)
LaTeX Font Info:    ... okay on input line 117.
LaTeX Font Info:    Checking defaults for PD1/pdf/m/n on input line 117.
LaTeX Font Info:    ... okay on input line 117.
LaTeX Font Info:    Checking defaults for PU/pdf/m/n on input line 117.
LaTeX Font Info:    ... okay on input line 117.
LaTeX Font Info:    Try loading font information for T1+phv on input line 117.

(/usr/share/texlive/texmf-dist/tex/latex/psnfss/t1phv.fd
File: t1phv.fd 2001/06/04 scalable font definitions for T1/phv.
)
LaTeX Font Info:    Font shape `T1/phv/m/n' will be
(Font)              scaled to size 8.99994pt on input line 117.

(/usr/share/texlive/texmf-dist/tex/context/base/mkii/supp-pdf.mkii
[Loading MPS to PDF converter (version 2006.09.02).]
\scratchcounter=\count135
\scratchdimen=\dimen163
\scratchbox=\box65
\nofMPsegments=\count136
\nofMParguments=\count137
\everyMPshowfont=\toks30
\MPscratchCnt=\count138
\MPscratchDim=\dimen164
\MPnumerator=\count139
\makeMPintoPDFobject=\count140
\everyMPtoPDFconversion=\toks31
) (/usr/share/texlive/texmf-dist/tex/latex/oberdiek/epstopdf-base.sty
Package: epstopdf-base 2016/05/15 v2.6 Base part for package epstopdf

(/usr/share/texlive/texmf-dist/tex/latex/oberdiek/grfext.sty
Package: grfext 2016/05/16 v1.2 Manage graphics extensions (HO)
)
Package epstopdf-base Info: Redefining graphics rule for `.eps' on input line 4
38.
Package grfext Info: Graphics extension search list:
(grfext)             [.pdf,.png,.jpg,.mps,.jpeg,.jbig2,.jb2,.PDF,.PNG,.JPG,.JPE
G,.JBIG2,.JB2,.eps]
(grfext)             \AppendGraphicsExtensions on input line 456.

(/usr/share/texlive/texmf-dist/tex/latex/latexconfig/epstopdf-sys.cfg
File: epstopdf-sys.cfg 2010/07/13 v1.3 Configuration of (r)epstopdf for TeX Liv
e
))
*geometry* driver: auto-detecting
*geometry* detected driver: pdftex
*geometry* verbose mode - [ preamble ] result:
* driver: pdftex
* paper: letterpaper
* layout: <same size as paper>
* layoutoffset:(h,v)=(0.0pt,0.0pt)
* modes: twoside 
* h-part:(L,W,R)=(71.13188pt, 472.03123pt, 71.13188pt)
* v-part:(T,H,B)=(71.13188pt, 652.70622pt, 71.13188pt)
* \paperwidth=614.295pt
* \paperheight=794.96999pt
* \textwidth=472.03123pt
* \textheight=652.70622pt
* \oddsidemargin=-1.1381pt
* \evensidemargin=-1.1381pt
* \topmargin=-31.2056pt
* \headheight=12.0pt
* \headsep=18.06749pt
* \topskip=10.0pt
* \footskip=25.29494pt
* \marginparwidth=125.0pt
* \marginparsep=7.0pt
* \columnsep=10.0pt
* \skip\footins=9.0pt plus 4.0pt minus 2.0pt
* \hoffset=0.0pt
* \voffset=0.0pt
* \mag=1000
* \@twocolumnfalse
* \@twosidetrue
* \@mparswitchtrue
* \@reversemarginfalse
* (1in=72.27pt=25.4mm, 1cm=28.453pt)

\AtBeginShipoutBox=\box66
Package backref Info: ** backref set up for natbib ** on input line 117.
Package hyperref Info: Link coloring ON on input line 117.
(/usr/share/texlive/texmf-dist/tex/latex/hyperref/nameref.sty
Package: nameref 2016/05/21 v2.44 Cross-referencing by name of section

(/usr/share/texlive/texmf-dist/tex/generic/oberdiek/gettitlestring.sty
Package: gettitlestring 2016/05/16 v1.5 Cleanup title references (HO)
)
\c@section@level=\count141
)
LaTeX Info: Redefining \ref on input line 117.
LaTeX Info: Redefining \pageref on input line 117.
LaTeX Info: Redefining \nameref on input line 117.

(./refman.out) (./refman.out)
\@outlinefile=\write4
\openout4 = `refman.out'.

Package caption Info: Begin \AtBeginDocument code.
Package caption Info: End \AtBeginDocument code.
Package hyperref Info: Option `pageanchor' set `false' on input line 123.
Package hyperref Info: Option `bookmarksnumbered' set `true' on input line 123.

Package hyperref Info: Option `unicode' set `true' on input line 123.
LaTeX Font Info:    Font shape `T1/phv/m/n' will be
(Font)              scaled to size 12.9599pt on input line 128.
LaTeX Font Info:    Font shape `T1/phv/m/n' will be
(Font)              scaled to size 6.29996pt on input line 128.
LaTeX Font Info:    Try loading font information for U+wasy on input line 128.

(/usr/share/texlive/texmf-dist/tex/latex/wasysym/uwasy.fd
File: uwasy.fd 2003/10/30 v2.0 Wasy-2 symbol font definitions
)
LaTeX Font Info:    Try loading font information for U+msa on input line 128.

(/usr/share/texlive/texmf-dist/tex/latex/amsfonts/umsa.fd
File: umsa.fd 2013/01/14 v3.01 AMS symbols A
)
LaTeX Font Info:    Try loading font information for U+msb on input line 128.

(/usr/share/texlive/texmf-dist/tex/latex/amsfonts/umsb.fd
File: umsb.fd 2013/01/14 v3.01 AMS symbols B
)
LaTeX Font Info:    Font shape `T1/phv/m/n' will be
(Font)              scaled to size 10.79993pt on input line 128.
 [1


{/var/lib/texmf/fonts/map/pdftex/updmap/pdftex.map}] [2

]
LaTeX Font Info:    Font shape `T1/phv/m/n' will be
(Font)              scaled to size 22.39185pt on input line 135.
LaTeX Font Info:    Font shape `T1/phv/bx/n' in size <24.88> not available
(Font)              Font shape `T1/phv/b/n' tried instead on input line 135.
LaTeX Font Info:    Font shape `T1/phv/b/n' will be
(Font)              scaled to size 22.39185pt on input line 135.
LaTeX Font Info:    Font shape `T1/phv/bc/n' will be
(Font)              scaled to size 22.39185pt on input line 135.
 (./refman.toc
LaTeX Font Info:    Font shape `T1/phv/bx/n' in size <10> not available
(Font)              Font shape `T1/phv/b/n' tried instead on input line 1.
LaTeX Font Info:    Font shape `T1/phv/b/n' will be
(Font)              scaled to size 8.99994pt on input line 1.
 [1

]
LaTeX Font Info:    Font shape `T1/phv/bx/n' in size <7> not available
(Font)              Font shape `T1/phv/b/n' tried instead on input line 62.
LaTeX Font Info:    Font shape `T1/phv/b/n' will be
(Font)              scaled to size 6.29996pt on input line 62.
 [2]
LaTeX Font Info:    Font shape `T1/phv/m/n' will be
(Font)              scaled to size 7.19995pt on input line 88.
LaTeX Font Info:    Try loading font information for T1+pcr on input line 88.

(/usr/share/texlive/texmf-dist/tex/latex/psnfss/t1pcr.fd
File: t1pcr.fd 2001/06/04 font definitions for T1/pcr.
) [3] [4] [5] [6]
[7] [8])
\tf@toc=\write5
\openout5 = `refman.toc'.

 [9] [10

]
Package hyperref Info: Option `pageanchor' set `true' on input line 138.

Chapter 1.
LaTeX Font Info:    Font shape `T1/phv/m/n' will be
(Font)              scaled to size 18.66588pt on input line 141.
LaTeX Font Info:    Font shape `T1/phv/bx/n' in size <20.74> not available
(Font)              Font shape `T1/phv/b/n' tried instead on input line 141.
LaTeX Font Info:    Font shape `T1/phv/b/n' will be
(Font)              scaled to size 18.66588pt on input line 141.
LaTeX Font Info:    Font shape `T1/phv/bc/n' will be
(Font)              scaled to size 18.66588pt on input line 141.
(./hierarchy.tex
LaTeX Font Info:    Font shape `T1/phv/bx/n' in size <14.4> not available
(Font)              Font shape `T1/phv/b/n' tried instead on input line 1.
LaTeX Font Info:    Font shape `T1/phv/b/n' will be
(Font)              scaled to size 12.9599pt on input line 1.
LaTeX Font Info:    Font shape `T1/phv/bc/n' will be
(Font)              scaled to size 12.9599pt on input line 1.
) [1

] [2

]
Chapter 2.
(./annotated.tex [3]) [4]
Chapter 3.
(./files.tex

LaTeX Warning: Reference `32__48__filter_8h' on page 5 undefined on input line 
3.


LaTeX Warning: Reference `48__32__filter_8h' on page 5 undefined on input line 
4.


LaTeX Warning: Reference `example__template_8cpp' on page 5 undefined on input 
line 21.


LaTeX Warning: Reference `file__record_8cpp' on page 5 undefined on input line 
22.


LaTeX Warning: Reference `file__record_8h' on page 5 undefined on input line 23
.


LaTeX Warning: Reference `GarbageCollector_8hpp' on page 5 undefined on input l
ine 30.


LaTeX Warning: Reference `noise__management_8cpp' on page 5 undefined on input 
line 33.


LaTeX Warning: Reference `noise__management_8hpp' on page 5 undefined on input 
line 34.


LaTeX Warning: Reference `peak__detect_8cpp' on page 5 undefined on input line 
35.


LaTeX Warning: Reference `peak__detect_8hpp' on page 5 undefined on input line 
36.


LaTeX Warning: Reference `playfile_8cpp' on page 5 undefined on input line 37.

[5

]

LaTeX Warning: Reference `playfile_8h' on page 6 undefined on input line 38.


LaTeX Warning: Reference `polyphase__hb__downsampler_8cpp' on page 6 undefined 
on input line 39.


LaTeX Warning: Reference `polyphase__hb__downsampler_8h' on page 6 undefined on
 input line 40.


LaTeX Warning: Reference `polyphase__hb__upsampler_8cpp' on page 6 undefined on
 input line 41.


LaTeX Warning: Reference `polyphase__hb__upsampler_8h' on page 6 undefined on i
nput line 42.


LaTeX Warning: Reference `resample_8cpp' on page 6 undefined on input line 44.


LaTeX Warning: Reference `resample_8hpp' on page 6 undefined on input line 45.


LaTeX Warning: Reference `sema_8hpp' on page 6 undefined on input line 46.


LaTeX Warning: Reference `tenband__filterbank_8cpp' on page 6 undefined on inpu
t line 48.


LaTeX Warning: Reference `tenband__filterbank_8h' on page 6 undefined on input 
line 49.


LaTeX Warning: Reference `wdrc_8cpp' on page 6 undefined on input line 50.


LaTeX Warning: Reference `wdrc_8hpp' on page 6 undefined on input line 51.

) [6]
Chapter 4.
(./classadaptive__filter.tex
LaTeX Font Info:    Font shape `T1/phv/bc/n' will be
(Font)              scaled to size 6.29996pt on input line 1.
<classadaptive__filter__inherit__graph.pdf, id=1524, 196.735pt x 212.795pt>
File: classadaptive__filter__inherit__graph.pdf Graphic file (type pdf)
<use classadaptive__filter__inherit__graph.pdf>
Package pdftex.def Info: classadaptive__filter__inherit__graph.pdf  used on inp
ut line 18.
(pdftex.def)             Requested size: 196.0pt x 211.99895pt.
<classadaptive__filter__coll__graph.pdf, id=1525, 157.58875pt x 156.585pt>
File: classadaptive__filter__coll__graph.pdf Graphic file (type pdf)
<use classadaptive__filter__coll__graph.pdf>
Package pdftex.def Info: classadaptive__filter__coll__graph.pdf  used on input 
line 27.
(pdftex.def)             Requested size: 157.0pt x 156.00879pt.
 [7

 <./classadaptive__filter__inherit__graph.pdf>]
LaTeX Font Info:    Font shape `T1/phv/bx/n' in size <12> not available
(Font)              Font shape `T1/phv/b/n' tried instead on input line 30.
LaTeX Font Info:    Font shape `T1/phv/b/n' will be
(Font)              scaled to size 10.79993pt on input line 30.
LaTeX Font Info:    Font shape `T1/phv/bc/n' will be
(Font)              scaled to size 10.79993pt on input line 30.
LaTeX Font Info:    Try loading font information for TS1+phv on input line 33.

(/usr/share/texlive/texmf-dist/tex/latex/psnfss/ts1phv.fd
File: ts1phv.fd 2001/06/04 scalable font definitions for TS1/phv.
)
LaTeX Font Info:    Font shape `TS1/phv/m/n' will be
(Font)              scaled to size 8.99994pt on input line 33.
LaTeX Font Info:    Font shape `T1/phv/m/n' will be
(Font)              scaled to size 8.09995pt on input line 34.
LaTeX Font Info:    Font shape `T1/phv/m/it' in size <9> not available
(Font)              Font shape `T1/phv/m/sl' tried instead on input line 34.
LaTeX Font Info:    Font shape `T1/phv/m/sl' will be
(Font)              scaled to size 8.09995pt on input line 34.
LaTeX Font Info:    Font shape `T1/phv/m/it' in size <7> not available
(Font)              Font shape `T1/phv/m/sl' tried instead on input line 39.
LaTeX Font Info:    Font shape `T1/phv/m/sl' will be
(Font)              scaled to size 6.29996pt on input line 39.
 [8 <./classadaptive__filter__coll__graph.pdf>]
LaTeX Font Info:    Font shape `T1/phv/bc/n' will be
(Font)              scaled to size 8.99994pt on input line 70.
LaTeX Font Info:    Font shape `T1/pcr/m/it' in size <8> not available
(Font)              Font shape `T1/pcr/m/sl' tried instead on input line 71.
LaTeX Font Info:    Font shape `T1/pcr/m/it' in size <7> not available
(Font)              Font shape `T1/pcr/m/sl' tried instead on input line 71.
 [9]
Underfull \hbox (badness 10000) detected at line 121
[][][]
 []


Underfull \hbox (badness 10000) detected at line 138
[][][]
 []


Overfull \vbox (74.14362pt too high) has occurred while \output is active []


[10]
Overfull \vbox (1.2817pt too high) has occurred while \output is active []


[11]
Overfull \vbox (1.60583pt too high) has occurred while \output is active []


[12]
Underfull \hbox (badness 10000) detected at line 286
[][][]
 []

) (./classafc.tex
<classafc__inherit__graph.pdf, id=1602, 157.58875pt x 212.795pt>
File: classafc__inherit__graph.pdf Graphic file (type pdf)
<use classafc__inherit__graph.pdf>
Package pdftex.def Info: classafc__inherit__graph.pdf  used on input line 18.
(pdftex.def)             Requested size: 157.0pt x 212.01193pt.
<classafc__coll__graph.pdf, id=1603, 157.58875pt x 212.795pt>
File: classafc__coll__graph.pdf Graphic file (type pdf)
<use classafc__coll__graph.pdf>
Package pdftex.def Info: classafc__coll__graph.pdf  used on input line 27.
(pdftex.def)             Requested size: 157.0pt x 212.01193pt.
 [13 <./classafc__inherit__graph.pdf>] [14 <./classafc__coll__graph.pdf>]
Underfull \vbox (badness 10000) has occurred while \output is active []

 [15]
Underfull \hbox (badness 10000) detected at line 112
[][][]
 []

[16]
Underfull \hbox (badness 10000) detected at line 181
[][][]
 []

[17]
Underfull \hbox (badness 10000) detected at line 243
[][][]
 []

) (./classarray__file.tex [18]
Underfull \hbox (badness 10000) detected at line 68
[][][]
 []

[19]
Underfull \hbox (badness 10000) detected at line 85
[][][]
 []

) (./classAudioFile.tex

Package hyperref Warning: Token not allowed in a PDF string (Unicode):
(hyperref)                removing `math shift' on input line 1.


Package hyperref Warning: Token not allowed in a PDF string (Unicode):
(hyperref)                removing `math shift' on input line 1.


Package hyperref Warning: Token not allowed in a PDF string (Unicode):
(hyperref)                removing `math shift' on input line 1.


Package hyperref Warning: Token not allowed in a PDF string (Unicode):
(hyperref)                removing `math shift' on input line 1.

[20] [21] [22] [23] [24]) (./classbeamformer.tex
<classbeamformer__inherit__graph.pdf, id=1780, 157.58875pt x 212.795pt>
File: classbeamformer__inherit__graph.pdf Graphic file (type pdf)
<use classbeamformer__inherit__graph.pdf>
Package pdftex.def Info: classbeamformer__inherit__graph.pdf  used on input lin
e 18.
(pdftex.def)             Requested size: 157.0pt x 212.01193pt.
 [25]
<classbeamformer__coll__graph.pdf, id=1787, 157.58875pt x 212.795pt>
File: classbeamformer__coll__graph.pdf Graphic file (type pdf)
<use classbeamformer__coll__graph.pdf>
Package pdftex.def Info: classbeamformer__coll__graph.pdf  used on input line 2
7.
(pdftex.def)             Requested size: 157.0pt x 212.01193pt.
 [26 <./classbeamformer__inherit__graph.pdf> <./classbeamformer__coll__graph.pd
f

pdfTeX warning: pdflatex (file ./classbeamformer__coll__graph.pdf): PDF inclusi
on: multiple pdfs with page group included in a single page
>] [27]
Underfull \hbox (badness 10000) detected at line 108
[][][]
 []

[28] [29]
Underfull \hbox (badness 10000) detected at line 218
[][][]
 []

) (./classcircular__buffer.tex [30] [31]
Underfull \vbox (badness 10000) has occurred while \output is active []

 [32]
Underfull \hbox (badness 10000) detected at line 158
[][][]
 []

) (./classfile__play.tex
<classfile__play__coll__graph.pdf, id=1881, 181.67876pt x 167.62625pt>
File: classfile__play__coll__graph.pdf Graphic file (type pdf)
<use classfile__play__coll__graph.pdf>
Package pdftex.def Info: classfile__play__coll__graph.pdf  used on input line 9
.
(pdftex.def)             Requested size: 181.0pt x 167.00427pt.
 [33]) (./classfile__record.tex
<classfile__record__coll__graph.pdf, id=1890, 295.1025pt x 244.915pt>
File: classfile__record__coll__graph.pdf Graphic file (type pdf)
<use classfile__record__coll__graph.pdf>
Package pdftex.def Info: classfile__record__coll__graph.pdf  used on input line
 9.
(pdftex.def)             Requested size: 294.0pt x 244.00626pt.
 [34 <./classfile__play__coll__graph.pdf>] [35 <./classfile__record__coll__grap
h.pdf>])
(./classfilter.tex
<classfilter__inherit__graph.pdf, id=1950, 196.735pt x 212.795pt>
File: classfilter__inherit__graph.pdf Graphic file (type pdf)
<use classfilter__inherit__graph.pdf>
Package pdftex.def Info: classfilter__inherit__graph.pdf  used on input line 18
.
(pdftex.def)             Requested size: 196.0pt x 211.99895pt.
 [36] [37 <./classfilter__inherit__graph.pdf>]
LaTeX Font Info:    Font shape `T1/phv/bc/n' will be
(Font)              scaled to size 7.19995pt on input line 82.


LaTeX Font Warning: Font shape `T1/pcr/bc/n' undefined
(Font)              using `T1/pcr/m/n' instead on input line 82.

[38]
Underfull \hbox (badness 10000) detected at line 133
[][][]
 []


Underfull \vbox (badness 10000) has occurred while \output is active []

 [39]
Underfull \hbox (badness 10000) detected at line 157
[][][]
 []


Underfull \hbox (badness 10000) detected at line 181
[][][]
 []

) (./classfir__formii.tex [40] [41]
Underfull \hbox (badness 10000) detected at line 78
[][][]
 []


Underfull \hbox (badness 10000) detected at line 102
[][][]
 []

[42]
Underfull \hbox (badness 10000) detected at line 149
[][][]
 []

) (./classfreping.tex [43] [44]
Overfull \hbox (3.9776pt too wide) in paragraph at lines 93--93
[]\T1/phv/m/sl/10 alpha[] 
 []


Overfull \hbox (1.47571pt too wide) in paragraph at lines 93--93
[]\T1/phv/m/sl/10 coeff[] 
 []

[45] [46]) (./classGarbageCollector.tex [47]) (./classlibModule.tex)
(./classnoise__management.tex [48] [49]
Overfull \vbox (38.45325pt too high) has occurred while \output is active []


[50]) (./classpeak__detect.tex [51] [52])
(./structfile__play_1_1playfile__param__t.tex [53]
<structfile__play_1_1playfile__param__t__coll__graph.pdf, id=2183, 174.6525pt x
 178.6675pt>
File: structfile__play_1_1playfile__param__t__coll__graph.pdf Graphic file (typ
e pdf)
<use structfile__play_1_1playfile__param__t__coll__graph.pdf>
Package pdftex.def Info: structfile__play_1_1playfile__param__t__coll__graph.pd
f  used on input line 9.
(pdftex.def)             Requested size: 174.0pt x 178.01003pt.
)
(./classpolyphase__hb__downsampler.tex [54 <./structfile__play_1_1playfile__par
am__t__coll__graph.pdf>]) (./classpolyphase__hb__upsampler.tex)
(./classresample.tex [55] [56]) (./structrk__sema.tex)
(./classtenband__filterbank.tex [57]

Package longtable Warning: Column widths have changed
(longtable)                in table 4.51 on input line 74.

[58]

Package longtable Warning: Column widths have changed
(longtable)                in table 4.53 on input line 116.

) (./classwdrc.tex [59] [60]

Package longtable Warning: Column widths have changed
(longtable)                in table 4.56 on input line 111.


Overfull \vbox (1.11841pt too high) has occurred while \output is active []


[61]
Underfull \hbox (badness 10000) detected at line 112
[][][]
 []

) [62]
Chapter 5.
(./adaptive__filter_8cpp.tex
<adaptive__filter_8cpp__incl.pdf, id=2293, 753.81625pt x 358.33875pt>
File: adaptive__filter_8cpp__incl.pdf Graphic file (type pdf)
<use adaptive__filter_8cpp__incl.pdf>
Package pdftex.def Info: adaptive__filter_8cpp__incl.pdf  used on input line 11
.
(pdftex.def)             Requested size: 350.0pt x 166.37427pt.

Underfull \hbox (badness 10000) detected at line 17
[][][]
 []


Underfull \hbox (badness 10000) detected at line 20
[][][]
 []


Overfull \hbox (54.4827pt too wide) in paragraph at lines 21--21
 []\T1/pcr/bc/n/8 1. Redistributions of source code must retain the above copyr
ight notice, this list of conditions and the 
 []


Overfull \hbox (68.8827pt too wide) in paragraph at lines 24--24
 []\T1/pcr/bc/n/8 2. Redistributions in binary form must reproduce the above co
pyright notice, this list of conditions and the[] 
 []

) (./adaptive__filter_8hpp.tex [63

 <./adaptive__filter_8cpp__incl.pdf>]
<adaptive__filter_8hpp__incl.pdf, id=2305, 606.265pt x 291.0875pt>
File: adaptive__filter_8hpp__incl.pdf Graphic file (type pdf)
<use adaptive__filter_8hpp__incl.pdf>
Package pdftex.def Info: adaptive__filter_8hpp__incl.pdf  used on input line 10
.
(pdftex.def)             Requested size: 350.0pt x 168.04913pt.
<adaptive__filter_8hpp__dep__incl.pdf, id=2306, 350.30875pt x 212.795pt>
File: adaptive__filter_8hpp__dep__incl.pdf Graphic file (type pdf)
<use adaptive__filter_8hpp__dep__incl.pdf>
Package pdftex.def Info: adaptive__filter_8hpp__dep__incl.pdf  used on input li
ne 17.
(pdftex.def)             Requested size: 349.0pt x 212.01518pt.

Underfull \vbox (badness 2884) has occurred while \output is active []

 [64 <./adaptive__filter_8hpp__incl.pdf>]
Underfull \hbox (badness 10000) detected at line 28
[][][]
 []


Underfull \hbox (badness 10000) detected at line 31
[][][]
 []


Overfull \hbox (54.4827pt too wide) in paragraph at lines 32--32
 []\T1/pcr/bc/n/8 1. Redistributions of source code must retain the above copyr
ight notice, this list of conditions and the 
 []


Overfull \hbox (68.8827pt too wide) in paragraph at lines 35--35
 []\T1/pcr/bc/n/8 2. Redistributions in binary form must reproduce the above co
pyright notice, this list of conditions and the[] 
 []

) (./afc_8cpp.tex
<afc_8cpp__incl.pdf, id=2319, 631.35875pt x 414.54875pt>
File: afc_8cpp__incl.pdf Graphic file (type pdf)
<use afc_8cpp__incl.pdf>
Package pdftex.def Info: afc_8cpp__incl.pdf  used on input line 8.
(pdftex.def)             Requested size: 350.0pt x 229.8116pt.
 [65 <./adaptive__filter_8hpp__dep__incl.pdf>]
Underfull \hbox (badness 10000) detected at line 14
[][][]
 []


Underfull \hbox (badness 10000) detected at line 17
[][][]
 []


Overfull \hbox (54.4827pt too wide) in paragraph at lines 18--18
 []\T1/pcr/bc/n/8 1. Redistributions of source code must retain the above copyr
ight notice, this list of conditions and the 
 []


Overfull \hbox (68.8827pt too wide) in paragraph at lines 21--21
 []\T1/pcr/bc/n/8 2. Redistributions in binary form must reproduce the above co
pyright notice, this list of conditions and the[] 
 []

) (./afc_8hpp.tex
<afc_8hpp__incl.pdf, id=2333, 631.35875pt x 358.33875pt>
File: afc_8hpp__incl.pdf Graphic file (type pdf)
<use afc_8hpp__incl.pdf>
Package pdftex.def Info: afc_8hpp__incl.pdf  used on input line 10.
(pdftex.def)             Requested size: 350.0pt x 198.65071pt.
 [66 <./afc_8cpp__incl.pdf>]
<afc_8hpp__dep__incl.pdf, id=2345, 129.48375pt x 156.585pt>
File: afc_8hpp__dep__incl.pdf Graphic file (type pdf)
<use afc_8hpp__dep__incl.pdf>
Package pdftex.def Info: afc_8hpp__dep__incl.pdf  used on input line 17.
(pdftex.def)             Requested size: 129.0pt x 156.01595pt.
 [67 <./afc_8hpp__incl.pdf> <./afc_8hpp__dep__incl.pdf

pdfTeX warning: pdflatex (file ./afc_8hpp__dep__incl.pdf): PDF inclusion: multi
ple pdfs with page group included in a single page
>]
Underfull \hbox (badness 10000) detected at line 34
[][][]
 []


Underfull \hbox (badness 10000) detected at line 37
[][][]
 []


Overfull \hbox (54.4827pt too wide) in paragraph at lines 38--38
 []\T1/pcr/bc/n/8 1. Redistributions of source code must retain the above copyr
ight notice, this list of conditions and the 
 []


Overfull \hbox (68.8827pt too wide) in paragraph at lines 41--41
 []\T1/pcr/bc/n/8 2. Redistributions in binary form must reproduce the above co
pyright notice, this list of conditions and the[] 
 []

) (./afc__init__filter_8h.tex
Underfull \hbox (badness 10000) detected at line 18
[][][]
 []


Underfull \hbox (badness 10000) detected at line 21
[][][]
 []


Overfull \hbox (54.4827pt too wide) in paragraph at lines 22--22
 []\T1/pcr/bc/n/8 1. Redistributions of source code must retain the above copyr
ight notice, this list of conditions and the 
 []


Overfull \hbox (68.8827pt too wide) in paragraph at lines 25--25
 []\T1/pcr/bc/n/8 2. Redistributions in binary form must reproduce the above co
pyright notice, this list of conditions and the[] 
 []

) (./array__file_8cpp.tex [68]
<array__file_8cpp__incl.pdf, id=2376, 381.425pt x 167.62625pt>
File: array__file_8cpp__incl.pdf Graphic file (type pdf)
<use array__file_8cpp__incl.pdf>
Package pdftex.def Info: array__file_8cpp__incl.pdf  used on input line 11.
(pdftex.def)             Requested size: 350.0pt x 153.82155pt.

Underfull \hbox (badness 10000) detected at line 17
[][][]
 []


Underfull \hbox (badness 10000) detected at line 20
[][][]
 []


Overfull \hbox (54.4827pt too wide) in paragraph at lines 21--21
 []\T1/pcr/bc/n/8 1. Redistributions of source code must retain the above copyr
ight notice, this list of conditions and the 
 []


Overfull \hbox (68.8827pt too wide) in paragraph at lines 24--24
 []\T1/pcr/bc/n/8 2. Redistributions in binary form must reproduce the above co
pyright notice, this list of conditions and the[] 
 []

[69 <./array__file_8cpp__incl.pdf>]) (./array__file_8hpp.tex
<array__file_8hpp__dep__incl.pdf, id=2388, 155.58125pt x 156.585pt>
File: array__file_8hpp__dep__incl.pdf Graphic file (type pdf)
<use array__file_8hpp__dep__incl.pdf>
Package pdftex.def Info: array__file_8hpp__dep__incl.pdf  used on input line 7.

(pdftex.def)             Requested size: 155.0pt x 156.00162pt.

Underfull \hbox (badness 10000) detected at line 18
[][][]
 []


Underfull \hbox (badness 10000) detected at line 21
[][][]
 []


Overfull \hbox (54.4827pt too wide) in paragraph at lines 22--22
 []\T1/pcr/bc/n/8 1. Redistributions of source code must retain the above copyr
ight notice, this list of conditions and the 
 []

[70 <./array__file_8hpp__dep__incl.pdf>]
Overfull \hbox (68.8827pt too wide) in paragraph at lines 25--25
 []\T1/pcr/bc/n/8 2. Redistributions in binary form must reproduce the above co
pyright notice, this list of conditions and the[] 
 []

) (./array__utilities_8cpp.tex
<array__utilities_8cpp__incl.pdf, id=2402, 240.9pt x 223.83624pt>
File: array__utilities_8cpp__incl.pdf Graphic file (type pdf)
<use array__utilities_8cpp__incl.pdf>
Package pdftex.def Info: array__utilities_8cpp__incl.pdf  used on input line 9.

(pdftex.def)             Requested size: 240.0pt x 223.00572pt.
 [71 <./array__utilities_8cpp__incl.pdf>]
Underfull \hbox (badness 10000) detected at line 48
[][][]
 []


Underfull \hbox (badness 10000) detected at line 51
[][][]
 []


Overfull \hbox (54.4827pt too wide) in paragraph at lines 52--52
 []\T1/pcr/bc/n/8 1. Redistributions of source code must retain the above copyr
ight notice, this list of conditions and the 
 []


Overfull \hbox (68.8827pt too wide) in paragraph at lines 55--55
 []\T1/pcr/bc/n/8 2. Redistributions in binary form must reproduce the above co
pyright notice, this list of conditions and the[] 
 []

[72]
Underfull \hbox (badness 10000) detected at line 82
[][][]
 []

[73]
Underfull \hbox (badness 10000) detected at line 131
[][][]
 []


Underfull \hbox (badness 10000) detected at line 134
[][][]
 []

[74]
Underfull \hbox (badness 10000) detected at line 160
[][][]
 []


Underfull \hbox (badness 10000) detected at line 186
[][][]
 []

[75]
Underfull \hbox (badness 10000) detected at line 231
[][][]
 []

[76]
Underfull \hbox (badness 10000) detected at line 255
[][][]
 []


Underfull \hbox (badness 10000) detected at line 279
[][][]
 []

[77] [78]
Underfull \hbox (badness 10000) detected at line 372
[][][]
 []


Underfull \hbox (badness 10000) detected at line 398
[][][]
 []

[79]
Underfull \hbox (badness 10000) detected at line 422
[][][]
 []

) (./array__utilities_8hpp.tex
<array__utilities_8hpp__incl.pdf, id=2494, 173.64874pt x 156.585pt>
File: array__utilities_8hpp__incl.pdf Graphic file (type pdf)
<use array__utilities_8hpp__incl.pdf>
Package pdftex.def Info: array__utilities_8hpp__incl.pdf  used on input line 8.

(pdftex.def)             Requested size: 173.0pt x 156.0064pt.
<array__utilities_8hpp__dep__incl.pdf, id=2495, 957.5775pt x 212.795pt>
File: array__utilities_8hpp__dep__incl.pdf Graphic file (type pdf)
<use array__utilities_8hpp__dep__incl.pdf>
Package pdftex.def Info: array__utilities_8hpp__dep__incl.pdf  used on input li
ne 15.
(pdftex.def)             Requested size: 350.0pt x 77.77829pt.
 [80 <./array__utilities_8hpp__incl.pdf> <./array__utilities_8hpp__dep__incl.pd
f

pdfTeX warning: pdflatex (file ./array__utilities_8hpp__dep__incl.pdf): PDF inc
lusion: multiple pdfs with page group included in a single page
>]
Underfull \hbox (badness 10000) detected at line 54
[][][]
 []


Underfull \hbox (badness 10000) detected at line 57
[][][]
 []


Overfull \hbox (54.4827pt too wide) in paragraph at lines 58--58
 []\T1/pcr/bc/n/8 1. Redistributions of source code must retain the above copyr
ight notice, this list of conditions and the 
 []


Overfull \hbox (68.8827pt too wide) in paragraph at lines 61--61
 []\T1/pcr/bc/n/8 2. Redistributions in binary form must reproduce the above co
pyright notice, this list of conditions and the[] 
 []

[81]
Underfull \hbox (badness 10000) detected at line 88
[][][]
 []

[82]
Underfull \hbox (badness 10000) detected at line 137
[][][]
 []


Underfull \hbox (badness 10000) detected at line 140
[][][]
 []


Underfull \hbox (badness 10000) detected at line 166
[][][]
 []

[83]
Underfull \hbox (badness 10000) detected at line 192
[][][]
 []

[84]
Underfull \hbox (badness 10000) detected at line 237
[][][]
 []


Underfull \hbox (badness 10000) detected at line 261
[][][]
 []

[85]
Underfull \hbox (badness 10000) detected at line 285
[][][]
 []


Overfull \vbox (5.65085pt too high) has occurred while \output is active []


[86]
Underfull \hbox (badness 10000) detected at line 378
[][][]
 []

[87]
Underfull \hbox (badness 10000) detected at line 404
[][][]
 []


Underfull \hbox (badness 10000) detected at line 428
[][][]
 []

) (./AudioFile_8cpp.tex
<AudioFile_8cpp__incl.pdf, id=2588, 476.78125pt x 212.795pt>
File: AudioFile_8cpp__incl.pdf Graphic file (type pdf)
<use AudioFile_8cpp__incl.pdf>
Package pdftex.def Info: AudioFile_8cpp__incl.pdf  used on input line 11.
(pdftex.def)             Requested size: 350.0pt x 156.21898pt.
 [88]
Underfull \hbox (badness 10000) detected at line 22
[][][]
 []


Underfull \hbox (badness 10000) detected at line 25
[][][]
 []

[89 <./AudioFile_8cpp__incl.pdf>]) (./AudioFile_8h.tex
<AudioFile_8h__incl.pdf, id=2611, 327.2225pt x 156.585pt>
File: AudioFile_8h__incl.pdf Graphic file (type pdf)
<use AudioFile_8h__incl.pdf>
Package pdftex.def Info: AudioFile_8h__incl.pdf  used on input line 11.
(pdftex.def)             Requested size: 326.0pt x 155.99922pt.
<AudioFile_8h__dep__incl.pdf, id=2612, 331.2375pt x 212.795pt>
File: AudioFile_8h__dep__incl.pdf Graphic file (type pdf)
<use AudioFile_8h__dep__incl.pdf>
Package pdftex.def Info: AudioFile_8h__dep__incl.pdf  used on input line 18.
(pdftex.def)             Requested size: 330.0pt x 212.00868pt.
 [90 <./AudioFile_8h__incl.pdf>]
Underfull \hbox (badness 10000) detected at line 38
[][][]
 []


Underfull \hbox (badness 10000) detected at line 41
[][][]
 []

[91 <./AudioFile_8h__dep__incl.pdf>]) (./bandlimited__filter_8h.tex
Underfull \hbox (badness 10000) detected at line 17
[][][]
 []


Underfull \hbox (badness 10000) detected at line 20
[][][]
 []


Overfull \hbox (54.4827pt too wide) in paragraph at lines 21--21
 []\T1/pcr/bc/n/8 1. Redistributions of source code must retain the above copyr
ight notice, this list of conditions and the 
 []


Overfull \hbox (68.8827pt too wide) in paragraph at lines 24--24
 []\T1/pcr/bc/n/8 2. Redistributions in binary form must reproduce the above co
pyright notice, this list of conditions and the[] 
 []

[92]) (./beamformer_8cpp.tex
<beamformer_8cpp__incl.pdf, id=2652, 778.91pt x 414.54875pt>
File: beamformer_8cpp__incl.pdf Graphic file (type pdf)
<use beamformer_8cpp__incl.pdf>
Package pdftex.def Info: beamformer_8cpp__incl.pdf  used on input line 11.
(pdftex.def)             Requested size: 350.0pt x 186.27321pt.

Underfull \hbox (badness 10000) detected at line 17
[][][]
 []


Underfull \hbox (badness 10000) detected at line 20
[][][]
 []


Overfull \hbox (54.4827pt too wide) in paragraph at lines 21--21
 []\T1/pcr/bc/n/8 1. Redistributions of source code must retain the above copyr
ight notice, this list of conditions and the 
 []

[93 <./beamformer_8cpp__incl.pdf>]
Overfull \hbox (68.8827pt too wide) in paragraph at lines 24--24
 []\T1/pcr/bc/n/8 2. Redistributions in binary form must reproduce the above co
pyright notice, this list of conditions and the[] 
 []

) (./beamformer_8hpp.tex
<beamformer_8hpp__incl.pdf, id=2665, 672.5125pt x 358.33875pt>
File: beamformer_8hpp__incl.pdf Graphic file (type pdf)
<use beamformer_8hpp__incl.pdf>
Package pdftex.def Info: beamformer_8hpp__incl.pdf  used on input line 11.
(pdftex.def)             Requested size: 350.0pt x 186.49031pt.
<beamformer_8hpp__dep__incl.pdf, id=2666, 167.62625pt x 156.585pt>
File: beamformer_8hpp__dep__incl.pdf Graphic file (type pdf)
<use beamformer_8hpp__dep__incl.pdf>
Package pdftex.def Info: beamformer_8hpp__dep__incl.pdf  used on input line 18.

(pdftex.def)             Requested size: 167.0pt x 155.99922pt.
 [94 <./beamformer_8hpp__incl.pdf>]
Underfull \hbox (badness 10000) detected at line 29
[][][]
 []


Underfull \hbox (badness 10000) detected at line 32
[][][]
 []


Overfull \hbox (54.4827pt too wide) in paragraph at lines 33--33
 []\T1/pcr/bc/n/8 1. Redistributions of source code must retain the above copyr
ight notice, this list of conditions and the 
 []


Overfull \hbox (68.8827pt too wide) in paragraph at lines 36--36
 []\T1/pcr/bc/n/8 2. Redistributions in binary form must reproduce the above co
pyright notice, this list of conditions and the[] 
 []

) (./circular__buffer_8cpp.tex
<circular__buffer_8cpp__incl.pdf, id=2679, 480.79625pt x 223.83624pt>
File: circular__buffer_8cpp__incl.pdf Graphic file (type pdf)
<use circular__buffer_8cpp__incl.pdf>
Package pdftex.def Info: circular__buffer_8cpp__incl.pdf  used on input line 12
.
(pdftex.def)             Requested size: 350.0pt x 162.94826pt.
 [95 <./beamformer_8hpp__dep__incl.pdf>]
Underfull \hbox (badness 10000) detected at line 18
[][][]
 []


Underfull \hbox (badness 10000) detected at line 21
[][][]
 []


Overfull \hbox (54.4827pt too wide) in paragraph at lines 22--22
 []\T1/pcr/bc/n/8 1. Redistributions of source code must retain the above copyr
ight notice, this list of conditions and the 
 []


Overfull \hbox (68.8827pt too wide) in paragraph at lines 25--25
 []\T1/pcr/bc/n/8 2. Redistributions in binary form must reproduce the above co
pyright notice, this list of conditions and the[] 
 []

) (./circular__buffer_8hpp.tex
<circular__buffer_8hpp__incl.pdf, id=2692, 194.7275pt x 156.585pt>
File: circular__buffer_8hpp__incl.pdf Graphic file (type pdf)
<use circular__buffer_8hpp__incl.pdf>
Package pdftex.def Info: circular__buffer_8hpp__incl.pdf  used on input line 9.

(pdftex.def)             Requested size: 194.0pt x 156.0064pt.
 [96 <./circular__buffer_8cpp__incl.pdf>]
<circular__buffer_8hpp__dep__incl.pdf, id=2704, 903.375pt x 325.215pt>
File: circular__buffer_8hpp__dep__incl.pdf Graphic file (type pdf)
<use circular__buffer_8hpp__dep__incl.pdf>
Package pdftex.def Info: circular__buffer_8hpp__dep__incl.pdf  used on input li
ne 16.
(pdftex.def)             Requested size: 350.0pt x 125.99965pt.

Underfull \hbox (badness 10000) detected at line 27
[][][]
 []


Underfull \hbox (badness 10000) detected at line 30
[][][]
 []


Overfull \hbox (54.4827pt too wide) in paragraph at lines 31--31
 []\T1/pcr/bc/n/8 1. Redistributions of source code must retain the above copyr
ight notice, this list of conditions and the 
 []


Overfull \hbox (68.8827pt too wide) in paragraph at lines 34--34
 []\T1/pcr/bc/n/8 2. Redistributions in binary form must reproduce the above co
pyright notice, this list of conditions and the[] 
 []

[97 <./circular__buffer_8hpp__incl.pdf> <./circular__buffer_8hpp__dep__incl.pdf


pdfTeX warning: pdflatex (file ./circular__buffer_8hpp__dep__incl.pdf): PDF inc
lusion: multiple pdfs with page group included in a single page
>]) (./filter_8cpp.tex
<filter_8cpp__incl.pdf, id=2726, 327.2225pt x 280.04625pt>
File: filter_8cpp__incl.pdf Graphic file (type pdf)
<use filter_8cpp__incl.pdf>
Package pdftex.def Info: filter_8cpp__incl.pdf  used on input line 10.
(pdftex.def)             Requested size: 326.0pt x 278.99861pt.
 [98 <./filter_8cpp__incl.pdf>]
Underfull \hbox (badness 10000) detected at line 16
[][][]
 []


Underfull \hbox (badness 10000) detected at line 19
[][][]
 []


Overfull \hbox (54.4827pt too wide) in paragraph at lines 20--20
 []\T1/pcr/bc/n/8 1. Redistributions of source code must retain the above copyr
ight notice, this list of conditions and the 
 []


Overfull \hbox (68.8827pt too wide) in paragraph at lines 23--23
 []\T1/pcr/bc/n/8 2. Redistributions in binary form must reproduce the above co
pyright notice, this list of conditions and the[] 
 []

) (./filter_8hpp.tex
<filter_8hpp__incl.pdf, id=2738, 208.78pt x 223.83624pt>
File: filter_8hpp__incl.pdf Graphic file (type pdf)
<use filter_8hpp__incl.pdf>
Package pdftex.def Info: filter_8hpp__incl.pdf  used on input line 10.
(pdftex.def)             Requested size: 208.0pt x 223.01256pt.
<filter_8hpp__dep__incl.pdf, id=2739, 350.30875pt x 269.005pt>
File: filter_8hpp__dep__incl.pdf Graphic file (type pdf)
<use filter_8hpp__dep__incl.pdf>
Package pdftex.def Info: filter_8hpp__dep__incl.pdf  used on input line 17.
(pdftex.def)             Requested size: 349.0pt x 268.0192pt.
 [99 <./filter_8hpp__incl.pdf>]
Underfull \hbox (badness 10000) detected at line 28
[][][]
 []


Underfull \hbox (badness 10000) detected at line 31
[][][]
 []


Overfull \hbox (54.4827pt too wide) in paragraph at lines 32--32
 []\T1/pcr/bc/n/8 1. Redistributions of source code must retain the above copyr
ight notice, this list of conditions and the 
 []


Overfull \hbox (68.8827pt too wide) in paragraph at lines 35--35
 []\T1/pcr/bc/n/8 2. Redistributions in binary form must reproduce the above co
pyright notice, this list of conditions and the[] 
 []

) (./fir__formii_8cpp.tex [100 <./filter_8hpp__dep__incl.pdf>]
<fir__formii_8cpp__incl.pdf, id=2764, 470.75874pt x 280.04625pt>
File: fir__formii_8cpp__incl.pdf Graphic file (type pdf)
<use fir__formii_8cpp__incl.pdf>
Package pdftex.def Info: fir__formii_8cpp__incl.pdf  used on input line 8.
(pdftex.def)             Requested size: 350.0pt x 208.20952pt.

Underfull \hbox (badness 10000) detected at line 14
[][][]
 []


Underfull \hbox (badness 10000) detected at line 17
[][][]
 []


Overfull \hbox (54.4827pt too wide) in paragraph at lines 18--18
 []\T1/pcr/bc/n/8 1. Redistributions of source code must retain the above copyr
ight notice, this list of conditions and the 
 []


Overfull \hbox (68.8827pt too wide) in paragraph at lines 21--21
 []\T1/pcr/bc/n/8 2. Redistributions in binary form must reproduce the above co
pyright notice, this list of conditions and the[] 
 []

) (./fir__formii_8h.tex [101 <./fir__formii_8cpp__incl.pdf>]
<fir__formii_8h__incl.pdf, id=2776, 470.75874pt x 223.83624pt>
File: fir__formii_8h__incl.pdf Graphic file (type pdf)
<use fir__formii_8h__incl.pdf>
Package pdftex.def Info: fir__formii_8h__incl.pdf  used on input line 12.
(pdftex.def)             Requested size: 350.0pt x 166.41837pt.
<fir__formii_8h__dep__incl.pdf, id=2777, 645.41125pt x 325.215pt>
File: fir__formii_8h__dep__incl.pdf Graphic file (type pdf)
<use fir__formii_8h__dep__incl.pdf>
Package pdftex.def Info: fir__formii_8h__dep__incl.pdf  used on input line 19.
(pdftex.def)             Requested size: 350.0pt x 176.35783pt.
 [102 <./fir__formii_8h__incl.pdf> <./fir__formii_8h__dep__incl.pdf

pdfTeX warning: pdflatex (file ./fir__formii_8h__dep__incl.pdf): PDF inclusion:
 multiple pdfs with page group included in a single page
>]
Underfull \hbox (badness 10000) detected at line 30
[][][]
 []


Underfull \hbox (badness 10000) detected at line 33
[][][]
 []


Overfull \hbox (54.4827pt too wide) in paragraph at lines 34--34
 []\T1/pcr/bc/n/8 1. Redistributions of source code must retain the above copyr
ight notice, this list of conditions and the 
 []


Overfull \hbox (68.8827pt too wide) in paragraph at lines 37--37
 []\T1/pcr/bc/n/8 2. Redistributions in binary form must reproduce the above co
pyright notice, this list of conditions and the[] 
 []

) (./freping_8cpp.tex
<freping_8cpp__incl.pdf, id=2796, 668.4975pt x 280.04625pt>
File: freping_8cpp__incl.pdf Graphic file (type pdf)
<use freping_8cpp__incl.pdf>
Package pdftex.def Info: freping_8cpp__incl.pdf  used on input line 8.
(pdftex.def)             Requested size: 350.0pt x 146.62479pt.
 [103 <./freping_8cpp__incl.pdf>]
Underfull \hbox (badness 10000) detected at line 14
[][][]
 []


Underfull \hbox (badness 10000) detected at line 17
[][][]
 []


Overfull \hbox (54.4827pt too wide) in paragraph at lines 18--18
 []\T1/pcr/bc/n/8 1. Redistributions of source code must retain the above copyr
ight notice, this list of conditions and the 
 []


Overfull \hbox (68.8827pt too wide) in paragraph at lines 21--21
 []\T1/pcr/bc/n/8 2. Redistributions in binary form must reproduce the above co
pyright notice, this list of conditions and the[] 
 []

) (./freping_8hpp.tex
<freping_8hpp__incl.pdf, id=2810, 668.4975pt x 223.83624pt>
File: freping_8hpp__incl.pdf Graphic file (type pdf)
<use freping_8hpp__incl.pdf>
Package pdftex.def Info: freping_8hpp__incl.pdf  used on input line 12.
(pdftex.def)             Requested size: 350.0pt x 117.19473pt.
<freping_8hpp__dep__incl.pdf, id=2811, 145.54375pt x 156.585pt>
File: freping_8hpp__dep__incl.pdf Graphic file (type pdf)
<use freping_8hpp__dep__incl.pdf>
Package pdftex.def Info: freping_8hpp__dep__incl.pdf  used on input line 19.
(pdftex.def)             Requested size: 145.0pt x 156.01117pt.
 [104 <./freping_8hpp__incl.pdf>]
Underfull \hbox (badness 10000) detected at line 30
[][][]
 []


Underfull \hbox (badness 10000) detected at line 33
[][][]
 []


Overfull \hbox (54.4827pt too wide) in paragraph at lines 34--34
 []\T1/pcr/bc/n/8 1. Redistributions of source code must retain the above copyr
ight notice, this list of conditions and the 
 []


Overfull \hbox (68.8827pt too wide) in paragraph at lines 37--37
 []\T1/pcr/bc/n/8 2. Redistributions in binary form must reproduce the above co
pyright notice, this list of conditions and the[] 
 []

) (./hamming__window128_8h.tex [105 <./freping_8hpp__dep__incl.pdf>]
Underfull \hbox (badness 10000) detected at line 12
[][][]
 []


Underfull \hbox (badness 10000) detected at line 15
[][][]
 []


Overfull \hbox (54.4827pt too wide) in paragraph at lines 16--16
 []\T1/pcr/bc/n/8 1. Redistributions of source code must retain the above copyr
ight notice, this list of conditions and the 
 []


Overfull \hbox (68.8827pt too wide) in paragraph at lines 19--19
 []\T1/pcr/bc/n/8 2. Redistributions in binary form must reproduce the above co
pyright notice, this list of conditions and the[] 
 []

) (./hamming__window64_8h.tex
Underfull \hbox (badness 10000) detected at line 12
[][][]
 []


Underfull \hbox (badness 10000) detected at line 15
[][][]
 []


Overfull \hbox (54.4827pt too wide) in paragraph at lines 16--16
 []\T1/pcr/bc/n/8 1. Redistributions of source code must retain the above copyr
ight notice, this list of conditions and the 
 []


Overfull \hbox (68.8827pt too wide) in paragraph at lines 19--19
 []\T1/pcr/bc/n/8 2. Redistributions in binary form must reproduce the above co
pyright notice, this list of conditions and the[] 
 []

) (./prefilter_8h.tex [106]
Underfull \hbox (badness 10000) detected at line 17
[][][]
 []


Underfull \hbox (badness 10000) detected at line 20
[][][]
 []


Overfull \hbox (54.4827pt too wide) in paragraph at lines 21--21
 []\T1/pcr/bc/n/8 1. Redistributions of source code must retain the above copyr
ight notice, this list of conditions and the 
 []


Overfull \hbox (68.8827pt too wide) in paragraph at lines 24--24
 []\T1/pcr/bc/n/8 2. Redistributions in binary form must reproduce the above co
pyright notice, this list of conditions and the[] 
 []

[107]) (./sokolovaharris__filtercoef_8h.tex
<sokolovaharris__filtercoef_8h__incl.pdf, id=2852, 725.71124pt x 414.54875pt>
File: sokolovaharris__filtercoef_8h__incl.pdf Graphic file (type pdf)
<use sokolovaharris__filtercoef_8h__incl.pdf>
Package pdftex.def Info: sokolovaharris__filtercoef_8h__incl.pdf  used on input
 line 9.
(pdftex.def)             Requested size: 350.0pt x 199.93628pt.
 [108]
<sokolovaharris__filtercoef_8h__dep__incl.pdf, id=2858, 211.79124pt x 156.585pt
>
File: sokolovaharris__filtercoef_8h__dep__incl.pdf Graphic file (type pdf)
<use sokolovaharris__filtercoef_8h__dep__incl.pdf>
Package pdftex.def Info: sokolovaharris__filtercoef_8h__dep__incl.pdf  used on 
input line 16.
(pdftex.def)             Requested size: 211.0pt x 156.0064pt.

Underfull \hbox (badness 10000) detected at line 34
[][][]
 []


Underfull \hbox (badness 10000) detected at line 37
[][][]
 []


Overfull \hbox (54.4827pt too wide) in paragraph at lines 38--38
 []\T1/pcr/bc/n/8 1. Redistributions of source code must retain the above copyr
ight notice, this list of conditions and the 
 []

[109 <./sokolovaharris__filtercoef_8h__incl.pdf> <./sokolovaharris__filtercoef_
8h__dep__incl.pdf

pdfTeX warning: pdflatex (file ./sokolovaharris__filtercoef_8h__dep__incl.pdf):
 PDF inclusion: multiple pdfs with page group included in a single page
>]
Overfull \hbox (68.8827pt too wide) in paragraph at lines 41--41
 []\T1/pcr/bc/n/8 2. Redistributions in binary form must reproduce the above co
pyright notice, this list of conditions and the[] 
 []

) [110]
No file refman.ind.

Package longtable Warning: Table widths have changed. Rerun LaTeX.

Package atveryend Info: Empty hook `BeforeClearDocument' on input line 207.
Package atveryend Info: Empty hook `AfterLastShipout' on input line 207.
(./refman.aux)
Package atveryend Info: Executing hook `AtVeryEndDocument' on input line 207.
Package atveryend Info: Executing hook `AtEndAfterFileList' on input line 207.
Package rerunfilecheck Info: File `refman.out' has not changed.
(rerunfilecheck)             Checksum: 0D736F1B094C3596D460A6AB6230F2F3;54398.


LaTeX Font Warning: Some font shapes were not available, defaults substituted.


LaTeX Warning: There were undefined references.

Package atveryend Info: Empty hook `AtVeryVeryEnd' on input line 207.
 ) 
Here is how much of TeX's memory you used:
 16588 strings out of 492982
 257782 string characters out of 6134897
 351543 words of memory out of 5000000
 18946 multiletter control sequences out of 15000+600000
 70567 words of font info for 94 fonts, out of 8000000 for 9000
 1141 hyphenation exceptions out of 8191
 53i,16n,92p,1748b,630s stack positions out of 5000i,500n,10000p,200000b,80000s
{/usr/share/texlive/texmf-dist/fonts/enc/dvips/base/8r.enc}</usr/share/texliv
e/texmf-dist/fonts/type1/public/amsfonts/cm/cmmi10.pfb></usr/share/texlive/texm
f-dist/fonts/type1/public/amsfonts/cm/cmmi12.pfb></usr/share/texlive/texmf-dist
/fonts/type1/public/amsfonts/cm/cmmi7.pfb></usr/share/texlive/texmf-dist/fonts/
type1/public/amsfonts/cm/cmmi8.pfb></usr/share/texlive/texmf-dist/fonts/type1/p
ublic/amsfonts/cm/cmsy10.pfb></usr/share/texlive/texmf-dist/fonts/type1/public/
amsfonts/cm/cmsy7.pfb></usr/share/texlive/texmf-dist/fonts/type1/public/amsfont
s/cm/cmsy8.pfb></usr/share/texlive/texmf-dist/fonts/type1/urw/courier/ucrr8a.pf
b></usr/share/texlive/texmf-dist/fonts/type1/urw/courier/ucrro8a.pfb></usr/shar
e/texlive/texmf-dist/fonts/type1/urw/helvetic/uhvb8a.pfb></usr/share/texlive/te
xmf-dist/fonts/type1/urw/helvetic/uhvb8ac.pfb></usr/share/texlive/texmf-dist/fo
nts/type1/urw/helvetic/uhvr8a.pfb></usr/share/texlive/texmf-dist/fonts/type1/ur
w/helvetic/uhvro8a.pfb>
Output written on refman.pdf (122 pages, 474250 bytes).
PDF statistics:
 3103 PDF objects out of 3580 (max. 8388607)
 2853 compressed objects within 29 object streams
 818 named destinations out of 1000 (max. 500000)
 2246 words of extra memory for PDF output out of 10000 (max. 10000000)

